{"/Users/markpo/Projects/dhis/core-apps/maintenance-app/src/EditModel/event-program/actions.js":{"path":"/Users/markpo/Projects/dhis/core-apps/maintenance-app/src/EditModel/event-program/actions.js","statementMap":{"0":{"start":{"line":3,"column":0},"end":{"line":5,"column":3}},"1":{"start":{"line":8,"column":18},"end":{"line":8,"column":53}},"2":{"start":{"line":9,"column":16},"end":{"line":9,"column":47}},"3":{"start":{"line":10,"column":20},"end":{"line":10,"column":59}},"4":{"start":{"line":12,"column":17},"end":{"line":14,"column":1}},"5":{"start":{"line":13,"column":2},"end":{"line":13,"column":49}},"6":{"start":{"line":15,"column":15},"end":{"line":17,"column":1}},"7":{"start":{"line":16,"column":2},"end":{"line":16,"column":29}},"8":{"start":{"line":18,"column":19},"end":{"line":20,"column":1}},"9":{"start":{"line":19,"column":2},"end":{"line":19,"column":33}},"10":{"start":{"line":24,"column":27},"end":{"line":24,"column":80}}},"fnMap":{"0":{"name":"changeStep","decl":{"start":{"line":12,"column":47},"end":{"line":12,"column":57}},"loc":{"start":{"line":12,"column":67},"end":{"line":14,"column":1}}},"1":{"name":"nextStep","decl":{"start":{"line":15,"column":43},"end":{"line":15,"column":51}},"loc":{"start":{"line":15,"column":54},"end":{"line":17,"column":1}}},"2":{"name":"previousStep","decl":{"start":{"line":18,"column":51},"end":{"line":18,"column":63}},"loc":{"start":{"line":18,"column":66},"end":{"line":20,"column":1}}}},"branchMap":{},"s":{"0":1,"1":1,"2":1,"3":1,"4":1,"5":2,"6":1,"7":1,"8":1,"9":1,"10":1},"f":{"0":2,"1":1,"2":1},"b":{},"_coverageSchema":"332fd63041d2c1bcb487cc26dd0d5f7d97098a6c","hash":"e4395b326dc056844ce278debe74290a987cb60d","contentHash":"7957a5562f02024a45d68553e62c40b4_10.1.2"},"/Users/markpo/Projects/dhis/core-apps/maintenance-app/src/EditModel/event-program/reducers.js":{"path":"/Users/markpo/Projects/dhis/core-apps/maintenance-app/src/EditModel/event-program/reducers.js","statementMap":{"0":{"start":{"line":3,"column":0},"end":{"line":5,"column":3}},"1":{"start":{"line":7,"column":13},"end":{"line":7,"column":29}},"2":{"start":{"line":9,"column":15},"end":{"line":9,"column":35}},"3":{"start":{"line":11,"column":25},"end":{"line":11,"column":57}},"4":{"start":{"line":13,"column":26},"end":{"line":13,"column":68}},"5":{"start":{"line":15,"column":39},"end":{"line":15,"column":93}},"6":{"start":{"line":18,"column":27},"end":{"line":20,"column":6}},"7":{"start":{"line":19,"column":8},"end":{"line":19,"column":39}},"8":{"start":{"line":22,"column":4},"end":{"line":24,"column":5}},"9":{"start":{"line":23,"column":8},"end":{"line":23,"column":47}},"10":{"start":{"line":26,"column":4},"end":{"line":26,"column":22}},"11":{"start":{"line":30,"column":27},"end":{"line":32,"column":6}},"12":{"start":{"line":31,"column":8},"end":{"line":31,"column":39}},"13":{"start":{"line":34,"column":4},"end":{"line":36,"column":5}},"14":{"start":{"line":35,"column":8},"end":{"line":35,"column":47}},"15":{"start":{"line":38,"column":4},"end":{"line":38,"column":22}},"16":{"start":{"line":42,"column":16},"end":{"line":42,"column":109}},"17":{"start":{"line":43,"column":17},"end":{"line":43,"column":29}},"18":{"start":{"line":45,"column":4},"end":{"line":60,"column":5}},"19":{"start":{"line":47,"column":12},"end":{"line":49,"column":14}},"20":{"start":{"line":52,"column":12},"end":{"line":54,"column":14}},"21":{"start":{"line":57,"column":12},"end":{"line":59,"column":14}},"22":{"start":{"line":62,"column":4},"end":{"line":62,"column":17}},"23":{"start":{"line":66,"column":16},"end":{"line":66,"column":88}},"24":{"start":{"line":67,"column":17},"end":{"line":67,"column":29}},"25":{"start":{"line":69,"column":4},"end":{"line":71,"column":5}},"26":{"start":{"line":70,"column":8},"end":{"line":70,"column":30}},"27":{"start":{"line":73,"column":4},"end":{"line":73,"column":17}},"28":{"start":{"line":76,"column":0},"end":{"line":79,"column":3}}},"fnMap":{"0":{"name":"_interopRequireDefault","decl":{"start":{"line":15,"column":9},"end":{"line":15,"column":31}},"loc":{"start":{"line":15,"column":37},"end":{"line":15,"column":95}}},"1":{"name":"findNextStepKey","decl":{"start":{"line":17,"column":9},"end":{"line":17,"column":24}},"loc":{"start":{"line":17,"column":44},"end":{"line":27,"column":1}}},"2":{"name":"(anonymous_2)","decl":{"start":{"line":18,"column":43},"end":{"line":18,"column":44}},"loc":{"start":{"line":18,"column":59},"end":{"line":20,"column":5}}},"3":{"name":"findPreviousStepKey","decl":{"start":{"line":29,"column":9},"end":{"line":29,"column":28}},"loc":{"start":{"line":29,"column":48},"end":{"line":39,"column":1}}},"4":{"name":"(anonymous_4)","decl":{"start":{"line":30,"column":43},"end":{"line":30,"column":44}},"loc":{"start":{"line":30,"column":59},"end":{"line":32,"column":5}}},"5":{"name":"stepperReducer","decl":{"start":{"line":41,"column":9},"end":{"line":41,"column":23}},"loc":{"start":{"line":41,"column":26},"end":{"line":63,"column":1}}},"6":{"name":"modelToEditReducer","decl":{"start":{"line":65,"column":9},"end":{"line":65,"column":27}},"loc":{"start":{"line":65,"column":30},"end":{"line":74,"column":1}}}},"branchMap":{"0":{"loc":{"start":{"line":15,"column":46},"end":{"line":15,"column":92}},"type":"cond-expr","locations":[{"start":{"line":15,"column":70},"end":{"line":15,"column":73}},{"start":{"line":15,"column":76},"end":{"line":15,"column":92}}]},"1":{"loc":{"start":{"line":15,"column":46},"end":{"line":15,"column":67}},"type":"binary-expr","locations":[{"start":{"line":15,"column":46},"end":{"line":15,"column":49}},{"start":{"line":15,"column":53},"end":{"line":15,"column":67}}]},"2":{"loc":{"start":{"line":22,"column":4},"end":{"line":24,"column":5}},"type":"if","locations":[{"start":{"line":22,"column":4},"end":{"line":24,"column":5}},{"start":{"line":22,"column":4},"end":{"line":24,"column":5}}]},"3":{"loc":{"start":{"line":34,"column":4},"end":{"line":36,"column":5}},"type":"if","locations":[{"start":{"line":34,"column":4},"end":{"line":36,"column":5}},{"start":{"line":34,"column":4},"end":{"line":36,"column":5}}]},"4":{"loc":{"start":{"line":42,"column":16},"end":{"line":42,"column":109}},"type":"cond-expr","locations":[{"start":{"line":42,"column":69},"end":{"line":42,"column":81}},{"start":{"line":42,"column":84},"end":{"line":42,"column":109}}]},"5":{"loc":{"start":{"line":42,"column":16},"end":{"line":42,"column":66}},"type":"binary-expr","locations":[{"start":{"line":42,"column":16},"end":{"line":42,"column":36}},{"start":{"line":42,"column":40},"end":{"line":42,"column":66}}]},"6":{"loc":{"start":{"line":45,"column":4},"end":{"line":60,"column":5}},"type":"switch","locations":[{"start":{"line":46,"column":8},"end":{"line":49,"column":14}},{"start":{"line":51,"column":8},"end":{"line":54,"column":14}},{"start":{"line":56,"column":8},"end":{"line":59,"column":14}}]},"7":{"loc":{"start":{"line":66,"column":16},"end":{"line":66,"column":88}},"type":"cond-expr","locations":[{"start":{"line":66,"column":69},"end":{"line":66,"column":81}},{"start":{"line":66,"column":84},"end":{"line":66,"column":88}}]},"8":{"loc":{"start":{"line":66,"column":16},"end":{"line":66,"column":66}},"type":"binary-expr","locations":[{"start":{"line":66,"column":16},"end":{"line":66,"column":36}},{"start":{"line":66,"column":40},"end":{"line":66,"column":66}}]},"9":{"loc":{"start":{"line":69,"column":4},"end":{"line":71,"column":5}},"type":"if","locations":[{"start":{"line":69,"column":4},"end":{"line":71,"column":5}},{"start":{"line":69,"column":4},"end":{"line":71,"column":5}}]}},"s":{"0":1,"1":1,"2":1,"3":1,"4":1,"5":1,"6":0,"7":0,"8":0,"9":0,"10":0,"11":0,"12":0,"13":0,"14":0,"15":0,"16":3,"17":3,"18":3,"19":0,"20":0,"21":0,"22":3,"23":3,"24":3,"25":3,"26":0,"27":3,"28":1},"f":{"0":1,"1":0,"2":0,"3":0,"4":0,"5":3,"6":3},"b":{"0":[1,0],"1":[1,1],"2":[0,0],"3":[0,0],"4":[0,3],"5":[3,3],"6":[0,0,0],"7":[0,3],"8":[3,3],"9":[0,3]},"_coverageSchema":"332fd63041d2c1bcb487cc26dd0d5f7d97098a6c","hash":"76f95305d9849a2b27635a88349b955ad0784b9a","contentHash":"5cbf91891d7bb791516ec80364ef8c3c_10.1.2"},"/Users/markpo/Projects/dhis/core-apps/maintenance-app/src/EditModel/event-program/event-program-steps.js":{"path":"/Users/markpo/Projects/dhis/core-apps/maintenance-app/src/EditModel/event-program/event-program-steps.js","statementMap":{"0":{"start":{"line":3,"column":0},"end":{"line":5,"column":3}},"1":{"start":{"line":7,"column":13},"end":{"line":7,"column":29}},"2":{"start":{"line":9,"column":14},"end":{"line":9,"column":44}},"3":{"start":{"line":11,"column":16},"end":{"line":11,"column":45}},"4":{"start":{"line":13,"column":17},"end":{"line":13,"column":50}},"5":{"start":{"line":15,"column":17},"end":{"line":15,"column":50}},"6":{"start":{"line":17,"column":18},"end":{"line":17,"column":52}},"7":{"start":{"line":19,"column":31},"end":{"line":19,"column":93}},"8":{"start":{"line":21,"column":32},"end":{"line":21,"column":80}},"9":{"start":{"line":23,"column":39},"end":{"line":23,"column":93}},"10":{"start":{"line":25,"column":29},"end":{"line":30,"column":23}},"11":{"start":{"line":26,"column":4},"end":{"line":29,"column":40}},"12":{"start":{"line":32,"column":12},"end":{"line":71,"column":2}},"13":{"start":{"line":40,"column":8},"end":{"line":40,"column":44}},"14":{"start":{"line":41,"column":8},"end":{"line":45,"column":10}},"15":{"start":{"line":51,"column":8},"end":{"line":55,"column":10}},"16":{"start":{"line":65,"column":8},"end":{"line":69,"column":10}},"17":{"start":{"line":73,"column":0},"end":{"line":73,"column":24}}},"fnMap":{"0":{"name":"_interopRequireDefault","decl":{"start":{"line":23,"column":9},"end":{"line":23,"column":31}},"loc":{"start":{"line":23,"column":37},"end":{"line":23,"column":95}}},"1":{"name":"(anonymous_1)","decl":{"start":{"line":25,"column":53},"end":{"line":25,"column":54}},"loc":{"start":{"line":25,"column":70},"end":{"line":30,"column":1}}},"2":{"name":"component","decl":{"start":{"line":39,"column":24},"end":{"line":39,"column":33}},"loc":{"start":{"line":39,"column":41},"end":{"line":46,"column":5}}},"3":{"name":"component","decl":{"start":{"line":50,"column":24},"end":{"line":50,"column":33}},"loc":{"start":{"line":50,"column":36},"end":{"line":56,"column":5}}},"4":{"name":"component","decl":{"start":{"line":64,"column":24},"end":{"line":64,"column":33}},"loc":{"start":{"line":64,"column":36},"end":{"line":70,"column":5}}}},"branchMap":{"0":{"loc":{"start":{"line":23,"column":46},"end":{"line":23,"column":92}},"type":"cond-expr","locations":[{"start":{"line":23,"column":70},"end":{"line":23,"column":73}},{"start":{"line":23,"column":76},"end":{"line":23,"column":92}}]},"1":{"loc":{"start":{"line":23,"column":46},"end":{"line":23,"column":67}},"type":"binary-expr","locations":[{"start":{"line":23,"column":46},"end":{"line":23,"column":49}},{"start":{"line":23,"column":53},"end":{"line":23,"column":67}}]}},"s":{"0":1,"1":1,"2":1,"3":1,"4":1,"5":1,"6":1,"7":1,"8":1,"9":4,"10":1,"11":0,"12":1,"13":0,"14":0,"15":0,"16":0,"17":1},"f":{"0":4,"1":0,"2":0,"3":0,"4":0},"b":{"0":[3,1],"1":[4,4]},"_coverageSchema":"332fd63041d2c1bcb487cc26dd0d5f7d97098a6c","hash":"37a2bdcb9a855b552974f14e07d96456eca84b02","contentHash":"2699a1636c52cd7c9fc366abb44b97ad_10.1.2"},"/Users/markpo/Projects/dhis/core-apps/maintenance-app/src/EditModel/EditModel.component.js":{"path":"/Users/markpo/Projects/dhis/core-apps/maintenance-app/src/EditModel/EditModel.component.js","statementMap":{"0":{"start":{"line":3,"column":0},"end":{"line":5,"column":3}},"1":{"start":{"line":7,"column":15},"end":{"line":7,"column":256}},"2":{"start":{"line":7,"column":52},"end":{"line":7,"column":239}},"3":{"start":{"line":7,"column":110},"end":{"line":7,"column":122}},"4":{"start":{"line":7,"column":124},"end":{"line":7,"column":237}},"5":{"start":{"line":7,"column":150},"end":{"line":7,"column":235}},"6":{"start":{"line":7,"column":207},"end":{"line":7,"column":233}},"7":{"start":{"line":7,"column":240},"end":{"line":7,"column":254}},"8":{"start":{"line":9,"column":0},"end":{"line":9,"column":28}},"9":{"start":{"line":11,"column":13},"end":{"line":11,"column":29}},"10":{"start":{"line":13,"column":14},"end":{"line":13,"column":44}},"11":{"start":{"line":15,"column":13},"end":{"line":15,"column":47}},"12":{"start":{"line":17,"column":14},"end":{"line":17,"column":44}},"13":{"start":{"line":19,"column":21},"end":{"line":19,"column":57}},"14":{"start":{"line":21,"column":22},"end":{"line":21,"column":60}},"15":{"start":{"line":23,"column":19},"end":{"line":23,"column":45}},"16":{"start":{"line":25,"column":39},"end":{"line":25,"column":93}},"17":{"start":{"line":28,"column":4},"end":{"line":28,"column":37}},"18":{"start":{"line":29,"column":4},"end":{"line":29,"column":45}},"19":{"start":{"line":33,"column":4},"end":{"line":35,"column":5}},"20":{"start":{"line":34,"column":8},"end":{"line":34,"column":76}},"21":{"start":{"line":39,"column":4},"end":{"line":53,"column":6}},"22":{"start":{"line":44,"column":16},"end":{"line":44,"column":91}},"23":{"start":{"line":47,"column":16},"end":{"line":47,"column":91}},"24":{"start":{"line":50,"column":16},"end":{"line":50,"column":57}}},"fnMap":{"0":{"name":"(anonymous_0)","decl":{"start":{"line":7,"column":32},"end":{"line":7,"column":33}},"loc":{"start":{"line":7,"column":50},"end":{"line":7,"column":256}}},"1":{"name":"_interopRequireDefault","decl":{"start":{"line":25,"column":9},"end":{"line":25,"column":31}},"loc":{"start":{"line":25,"column":37},"end":{"line":25,"column":95}}},"2":{"name":"goToAndScrollUp","decl":{"start":{"line":27,"column":9},"end":{"line":27,"column":24}},"loc":{"start":{"line":27,"column":30},"end":{"line":30,"column":1}}},"3":{"name":"_onSaveError","decl":{"start":{"line":32,"column":9},"end":{"line":32,"column":21}},"loc":{"start":{"line":32,"column":43},"end":{"line":36,"column":1}}},"4":{"name":"EditModel","decl":{"start":{"line":38,"column":9},"end":{"line":38,"column":18}},"loc":{"start":{"line":38,"column":26},"end":{"line":54,"column":1}}},"5":{"name":"onCancel","decl":{"start":{"line":43,"column":31},"end":{"line":43,"column":39}},"loc":{"start":{"line":43,"column":42},"end":{"line":45,"column":13}}},"6":{"name":"onSaveSuccess","decl":{"start":{"line":46,"column":36},"end":{"line":46,"column":49}},"loc":{"start":{"line":46,"column":52},"end":{"line":48,"column":13}}},"7":{"name":"onSaveError","decl":{"start":{"line":49,"column":34},"end":{"line":49,"column":45}},"loc":{"start":{"line":49,"column":60},"end":{"line":51,"column":13}}}},"branchMap":{"0":{"loc":{"start":{"line":7,"column":15},"end":{"line":7,"column":256}},"type":"binary-expr","locations":[{"start":{"line":7,"column":15},"end":{"line":7,"column":28}},{"start":{"line":7,"column":32},"end":{"line":7,"column":256}}]},"1":{"loc":{"start":{"line":7,"column":150},"end":{"line":7,"column":235}},"type":"if","locations":[{"start":{"line":7,"column":150},"end":{"line":7,"column":235}},{"start":{"line":7,"column":150},"end":{"line":7,"column":235}}]},"2":{"loc":{"start":{"line":25,"column":46},"end":{"line":25,"column":92}},"type":"cond-expr","locations":[{"start":{"line":25,"column":70},"end":{"line":25,"column":73}},{"start":{"line":25,"column":76},"end":{"line":25,"column":92}}]},"3":{"loc":{"start":{"line":25,"column":46},"end":{"line":25,"column":67}},"type":"binary-expr","locations":[{"start":{"line":25,"column":46},"end":{"line":25,"column":49}},{"start":{"line":25,"column":53},"end":{"line":25,"column":67}}]},"4":{"loc":{"start":{"line":29,"column":4},"end":{"line":29,"column":44}},"type":"binary-expr","locations":[{"start":{"line":29,"column":4},"end":{"line":29,"column":19}},{"start":{"line":29,"column":23},"end":{"line":29,"column":44}}]},"5":{"loc":{"start":{"line":33,"column":4},"end":{"line":35,"column":5}},"type":"if","locations":[{"start":{"line":33,"column":4},"end":{"line":35,"column":5}},{"start":{"line":33,"column":4},"end":{"line":35,"column":5}}]}},"s":{"0":1,"1":1,"2":0,"3":0,"4":0,"5":0,"6":0,"7":0,"8":1,"9":1,"10":1,"11":1,"12":1,"13":1,"14":1,"15":1,"16":3,"17":0,"18":0,"19":0,"20":0,"21":0,"22":0,"23":0,"24":0},"f":{"0":0,"1":3,"2":0,"3":0,"4":0,"5":0,"6":0,"7":0},"b":{"0":[1,0],"1":[0,0],"2":[2,1],"3":[3,3],"4":[0,0],"5":[0,0]},"_coverageSchema":"332fd63041d2c1bcb487cc26dd0d5f7d97098a6c","hash":"c6ed2b8a44fc1dd49c25e66721bd81b11a7a38ad","contentHash":"d9ad5623608a141e75f58040b61f11f0_10.1.2"},"/Users/markpo/Projects/dhis/core-apps/maintenance-app/src/EditModel/EditModelForm.component.js":{"path":"/Users/markpo/Projects/dhis/core-apps/maintenance-app/src/EditModel/EditModelForm.component.js","statementMap":{"0":{"start":{"line":3,"column":0},"end":{"line":5,"column":3}},"1":{"start":{"line":7,"column":21},"end":{"line":7,"column":663}},"2":{"start":{"line":7,"column":79},"end":{"line":7,"column":81}},"3":{"start":{"line":7,"column":92},"end":{"line":7,"column":96}},"4":{"start":{"line":7,"column":107},"end":{"line":7,"column":112}},"5":{"start":{"line":7,"column":123},"end":{"line":7,"column":132}},"6":{"start":{"line":7,"column":134},"end":{"line":7,"column":413}},"7":{"start":{"line":7,"column":140},"end":{"line":7,"column":283}},"8":{"start":{"line":7,"column":226},"end":{"line":7,"column":246}},"9":{"start":{"line":7,"column":247},"end":{"line":7,"column":281}},"10":{"start":{"line":7,"column":275},"end":{"line":7,"column":281}},"11":{"start":{"line":7,"column":300},"end":{"line":7,"column":310}},"12":{"start":{"line":7,"column":311},"end":{"line":7,"column":320}},"13":{"start":{"line":7,"column":333},"end":{"line":7,"column":411}},"14":{"start":{"line":7,"column":339},"end":{"line":7,"column":379}},"15":{"start":{"line":7,"column":364},"end":{"line":7,"column":379}},"16":{"start":{"line":7,"column":392},"end":{"line":7,"column":409}},"17":{"start":{"line":7,"column":400},"end":{"line":7,"column":409}},"18":{"start":{"line":7,"column":414},"end":{"line":7,"column":426}},"19":{"start":{"line":7,"column":429},"end":{"line":7,"column":659}},"20":{"start":{"line":7,"column":456},"end":{"line":7,"column":656}},"21":{"start":{"line":7,"column":482},"end":{"line":7,"column":493}},"22":{"start":{"line":7,"column":501},"end":{"line":7,"column":656}},"23":{"start":{"line":7,"column":539},"end":{"line":7,"column":568}},"24":{"start":{"line":7,"column":578},"end":{"line":7,"column":654}},"25":{"start":{"line":9,"column":13},"end":{"line":9,"column":29}},"26":{"start":{"line":11,"column":14},"end":{"line":11,"column":44}},"27":{"start":{"line":13,"column":22},"end":{"line":13,"column":59}},"28":{"start":{"line":15,"column":23},"end":{"line":15,"column":62}},"29":{"start":{"line":17,"column":10},"end":{"line":17,"column":30}},"30":{"start":{"line":19,"column":24},"end":{"line":19,"column":53}},"31":{"start":{"line":21,"column":25},"end":{"line":21,"column":66}},"32":{"start":{"line":23,"column":21},"end":{"line":23,"column":47}},"33":{"start":{"line":25,"column":22},"end":{"line":25,"column":60}},"34":{"start":{"line":27,"column":13},"end":{"line":27,"column":49}},"35":{"start":{"line":29,"column":14},"end":{"line":29,"column":44}},"36":{"start":{"line":31,"column":18},"end":{"line":31,"column":51}},"37":{"start":{"line":33,"column":19},"end":{"line":33,"column":54}},"38":{"start":{"line":35,"column":20},"end":{"line":35,"column":55}},"39":{"start":{"line":37,"column":21},"end":{"line":37,"column":58}},"40":{"start":{"line":39,"column":17},"end":{"line":39,"column":38}},"41":{"start":{"line":41,"column":27},"end":{"line":41,"column":69}},"42":{"start":{"line":43,"column":28},"end":{"line":43,"column":72}},"43":{"start":{"line":45,"column":19},"end":{"line":45,"column":53}},"44":{"start":{"line":47,"column":20},"end":{"line":47,"column":56}},"45":{"start":{"line":49,"column":16},"end":{"line":49,"column":35}},"46":{"start":{"line":51,"column":17},"end":{"line":51,"column":50}},"47":{"start":{"line":53,"column":19},"end":{"line":53,"column":43}},"48":{"start":{"line":55,"column":20},"end":{"line":55,"column":56}},"49":{"start":{"line":57,"column":24},"end":{"line":57,"column":79}},"50":{"start":{"line":59,"column":25},"end":{"line":59,"column":66}},"51":{"start":{"line":61,"column":17},"end":{"line":61,"column":58}},"52":{"start":{"line":63,"column":18},"end":{"line":63,"column":52}},"53":{"start":{"line":65,"column":19},"end":{"line":65,"column":67}},"54":{"start":{"line":67,"column":20},"end":{"line":67,"column":56}},"55":{"start":{"line":69,"column":21},"end":{"line":69,"column":52}},"56":{"start":{"line":71,"column":22},"end":{"line":71,"column":60}},"57":{"start":{"line":73,"column":12},"end":{"line":73,"column":27}},"58":{"start":{"line":75,"column":19},"end":{"line":75,"column":43}},"59":{"start":{"line":77,"column":17},"end":{"line":77,"column":40}},"60":{"start":{"line":79,"column":39},"end":{"line":79,"column":93}},"61":{"start":{"line":81,"column":22},"end":{"line":87,"column":25}},"62":{"start":{"line":82,"column":4},"end":{"line":82,"column":57}},"63":{"start":{"line":84,"column":4},"end":{"line":84,"column":43}},"64":{"start":{"line":86,"column":4},"end":{"line":86,"column":17}},"65":{"start":{"line":89,"column":39},"end":{"line":91,"column":2}},"66":{"start":{"line":90,"column":4},"end":{"line":90,"column":101}},"67":{"start":{"line":93,"column":21},"end":{"line":95,"column":1}},"68":{"start":{"line":94,"column":4},"end":{"line":94,"column":30}},"69":{"start":{"line":97,"column":10},"end":{"line":97,"column":62}},"70":{"start":{"line":99,"column":31},"end":{"line":155,"column":2}},"71":{"start":{"line":100,"column":16},"end":{"line":100,"column":39}},"72":{"start":{"line":101,"column":22},"end":{"line":101,"column":30}},"73":{"start":{"line":102,"column":21},"end":{"line":102,"column":29}},"74":{"start":{"line":103,"column":22},"end":{"line":103,"column":30}},"75":{"start":{"line":105,"column":4},"end":{"line":107,"column":5}},"76":{"start":{"line":106,"column":8},"end":{"line":106,"column":64}},"77":{"start":{"line":108,"column":4},"end":{"line":108,"column":17}},"78":{"start":{"line":110,"column":16},"end":{"line":110,"column":40}},"79":{"start":{"line":111,"column":22},"end":{"line":111,"column":30}},"80":{"start":{"line":112,"column":44},"end":{"line":112,"column":52}},"81":{"start":{"line":113,"column":20},"end":{"line":113,"column":28}},"82":{"start":{"line":114,"column":13},"end":{"line":114,"column":21}},"83":{"start":{"line":116,"column":23},"end":{"line":137,"column":6}},"84":{"start":{"line":121,"column":8},"end":{"line":121,"column":53}},"85":{"start":{"line":123,"column":8},"end":{"line":125,"column":9}},"86":{"start":{"line":124,"column":12},"end":{"line":124,"column":46}},"87":{"start":{"line":130,"column":8},"end":{"line":134,"column":9}},"88":{"start":{"line":131,"column":12},"end":{"line":131,"column":102}},"89":{"start":{"line":133,"column":12},"end":{"line":133,"column":62}},"90":{"start":{"line":136,"column":8},"end":{"line":136,"column":27}},"91":{"start":{"line":139,"column":33},"end":{"line":139,"column":172}},"92":{"start":{"line":140,"column":42},"end":{"line":144,"column":7}},"93":{"start":{"line":141,"column":8},"end":{"line":141,"column":42}},"94":{"start":{"line":142,"column":8},"end":{"line":142,"column":47}},"95":{"start":{"line":143,"column":8},"end":{"line":143,"column":22}},"96":{"start":{"line":146,"column":61},"end":{"line":148,"column":6}},"97":{"start":{"line":147,"column":8},"end":{"line":147,"column":88}},"98":{"start":{"line":150,"column":4},"end":{"line":154,"column":6}},"99":{"start":{"line":157,"column":0},"end":{"line":312,"column":3}},"100":{"start":{"line":171,"column":8},"end":{"line":178,"column":10}},"101":{"start":{"line":181,"column":8},"end":{"line":181,"column":44}},"102":{"start":{"line":184,"column":20},"end":{"line":184,"column":24}},"103":{"start":{"line":186,"column":8},"end":{"line":190,"column":11}},"104":{"start":{"line":187,"column":12},"end":{"line":187,"column":37}},"105":{"start":{"line":189,"column":12},"end":{"line":189,"column":74}},"106":{"start":{"line":193,"column":8},"end":{"line":193,"column":61}},"107":{"start":{"line":196,"column":29},"end":{"line":200,"column":9}},"108":{"start":{"line":202,"column":8},"end":{"line":204,"column":9}},"109":{"start":{"line":203,"column":12},"end":{"line":203,"column":140}},"110":{"start":{"line":206,"column":8},"end":{"line":206,"column":20}},"111":{"start":{"line":209,"column":29},"end":{"line":214,"column":9}},"112":{"start":{"line":216,"column":8},"end":{"line":218,"column":9}},"113":{"start":{"line":217,"column":12},"end":{"line":217,"column":83}},"114":{"start":{"line":220,"column":30},"end":{"line":224,"column":9}},"115":{"start":{"line":226,"column":8},"end":{"line":243,"column":10}},"116":{"start":{"line":246,"column":8},"end":{"line":252,"column":9}},"117":{"start":{"line":247,"column":12},"end":{"line":251,"column":14}},"118":{"start":{"line":254,"column":8},"end":{"line":254,"column":33}},"119":{"start":{"line":257,"column":26},"end":{"line":259,"column":10}},"120":{"start":{"line":258,"column":12},"end":{"line":258,"column":49}},"121":{"start":{"line":261,"column":8},"end":{"line":263,"column":9}},"122":{"start":{"line":262,"column":12},"end":{"line":262,"column":125}},"123":{"start":{"line":265,"column":8},"end":{"line":265,"column":86}},"124":{"start":{"line":268,"column":8},"end":{"line":270,"column":11}},"125":{"start":{"line":273,"column":21},"end":{"line":273,"column":25}},"126":{"start":{"line":275,"column":8},"end":{"line":275,"column":31}},"127":{"start":{"line":277,"column":8},"end":{"line":277,"column":42}},"128":{"start":{"line":279,"column":8},"end":{"line":305,"column":11}},"129":{"start":{"line":280,"column":12},"end":{"line":280,"column":49}},"130":{"start":{"line":282,"column":12},"end":{"line":282,"column":72}},"131":{"start":{"line":284,"column":12},"end":{"line":284,"column":65}},"132":{"start":{"line":287,"column":12},"end":{"line":293,"column":13}},"133":{"start":{"line":288,"column":16},"end":{"line":288,"column":81}},"134":{"start":{"line":290,"column":16},"end":{"line":290,"column":92}},"135":{"start":{"line":292,"column":16},"end":{"line":292,"column":76}},"136":{"start":{"line":295,"column":12},"end":{"line":295,"column":51}},"137":{"start":{"line":297,"column":12},"end":{"line":297,"column":49}},"138":{"start":{"line":299,"column":12},"end":{"line":302,"column":13}},"139":{"start":{"line":300,"column":16},"end":{"line":300,"column":55}},"140":{"start":{"line":301,"column":16},"end":{"line":301,"column":78}},"141":{"start":{"line":304,"column":12},"end":{"line":304,"column":51}},"142":{"start":{"line":308,"column":8},"end":{"line":308,"column":31}},"143":{"start":{"line":310,"column":8},"end":{"line":310,"column":30}}},"fnMap":{"0":{"name":"(anonymous_0)","decl":{"start":{"line":7,"column":21},"end":{"line":7,"column":22}},"loc":{"start":{"line":7,"column":33},"end":{"line":7,"column":661}}},"1":{"name":"sliceIterator","decl":{"start":{"line":7,"column":44},"end":{"line":7,"column":57}},"loc":{"start":{"line":7,"column":66},"end":{"line":7,"column":428}}},"2":{"name":"(anonymous_2)","decl":{"start":{"line":7,"column":436},"end":{"line":7,"column":437}},"loc":{"start":{"line":7,"column":454},"end":{"line":7,"column":658}}},"3":{"name":"_interopRequireDefault","decl":{"start":{"line":79,"column":9},"end":{"line":79,"column":31}},"loc":{"start":{"line":79,"column":37},"end":{"line":79,"column":95}}},"4":{"name":"(anonymous_4)","decl":{"start":{"line":81,"column":53},"end":{"line":81,"column":54}},"loc":{"start":{"line":81,"column":70},"end":{"line":83,"column":1}}},"5":{"name":"(anonymous_5)","decl":{"start":{"line":83,"column":7},"end":{"line":83,"column":8}},"loc":{"start":{"line":83,"column":24},"end":{"line":85,"column":1}}},"6":{"name":"(anonymous_6)","decl":{"start":{"line":85,"column":10},"end":{"line":85,"column":11}},"loc":{"start":{"line":85,"column":27},"end":{"line":87,"column":1}}},"7":{"name":"(anonymous_7)","decl":{"start":{"line":89,"column":63},"end":{"line":89,"column":64}},"loc":{"start":{"line":89,"column":84},"end":{"line":91,"column":1}}},"8":{"name":"isAddOperation","decl":{"start":{"line":93,"column":30},"end":{"line":93,"column":44}},"loc":{"start":{"line":93,"column":52},"end":{"line":95,"column":1}}},"9":{"name":"(anonymous_9)","decl":{"start":{"line":99,"column":153},"end":{"line":99,"column":154}},"loc":{"start":{"line":99,"column":169},"end":{"line":109,"column":1}}},"10":{"name":"(anonymous_10)","decl":{"start":{"line":109,"column":7},"end":{"line":109,"column":8}},"loc":{"start":{"line":109,"column":24},"end":{"line":155,"column":1}}},"11":{"name":"(anonymous_11)","decl":{"start":{"line":120,"column":9},"end":{"line":120,"column":10}},"loc":{"start":{"line":120,"column":32},"end":{"line":137,"column":5}}},"12":{"name":"(anonymous_12)","decl":{"start":{"line":140,"column":182},"end":{"line":140,"column":183}},"loc":{"start":{"line":140,"column":200},"end":{"line":144,"column":5}}},"13":{"name":"(anonymous_13)","decl":{"start":{"line":146,"column":97},"end":{"line":146,"column":98}},"loc":{"start":{"line":146,"column":120},"end":{"line":148,"column":5}}},"14":{"name":"getInitialState","decl":{"start":{"line":170,"column":30},"end":{"line":170,"column":45}},"loc":{"start":{"line":170,"column":48},"end":{"line":179,"column":5}}},"15":{"name":"isAddOperation","decl":{"start":{"line":180,"column":29},"end":{"line":180,"column":43}},"loc":{"start":{"line":180,"column":46},"end":{"line":182,"column":5}}},"16":{"name":"componentWillMount","decl":{"start":{"line":183,"column":33},"end":{"line":183,"column":51}},"loc":{"start":{"line":183,"column":54},"end":{"line":191,"column":5}}},"17":{"name":"(anonymous_17)","decl":{"start":{"line":186,"column":63},"end":{"line":186,"column":64}},"loc":{"start":{"line":186,"column":83},"end":{"line":188,"column":9}}},"18":{"name":"(anonymous_18)","decl":{"start":{"line":188,"column":11},"end":{"line":188,"column":12}},"loc":{"start":{"line":188,"column":35},"end":{"line":190,"column":9}}},"19":{"name":"componentWillUnmount","decl":{"start":{"line":192,"column":35},"end":{"line":192,"column":55}},"loc":{"start":{"line":192,"column":58},"end":{"line":194,"column":5}}},"20":{"name":"renderSharingNotification","decl":{"start":{"line":195,"column":40},"end":{"line":195,"column":65}},"loc":{"start":{"line":195,"column":68},"end":{"line":207,"column":5}}},"21":{"name":"renderForm","decl":{"start":{"line":208,"column":25},"end":{"line":208,"column":35}},"loc":{"start":{"line":208,"column":38},"end":{"line":244,"column":5}}},"22":{"name":"render","decl":{"start":{"line":245,"column":21},"end":{"line":245,"column":27}},"loc":{"start":{"line":245,"column":30},"end":{"line":255,"column":5}}},"23":{"name":"_onUpdateField","decl":{"start":{"line":256,"column":29},"end":{"line":256,"column":43}},"loc":{"start":{"line":256,"column":62},"end":{"line":266,"column":5}}},"24":{"name":"(anonymous_24)","decl":{"start":{"line":257,"column":55},"end":{"line":257,"column":56}},"loc":{"start":{"line":257,"column":78},"end":{"line":259,"column":9}}},"25":{"name":"_onUpdateFormStatus","decl":{"start":{"line":267,"column":34},"end":{"line":267,"column":53}},"loc":{"start":{"line":267,"column":65},"end":{"line":271,"column":5}}},"26":{"name":"_saveAction","decl":{"start":{"line":272,"column":26},"end":{"line":272,"column":37}},"loc":{"start":{"line":272,"column":45},"end":{"line":306,"column":5}}},"27":{"name":"(anonymous_27)","decl":{"start":{"line":279,"column":114},"end":{"line":279,"column":115}},"loc":{"start":{"line":279,"column":133},"end":{"line":285,"column":9}}},"28":{"name":"(anonymous_28)","decl":{"start":{"line":285,"column":11},"end":{"line":285,"column":12}},"loc":{"start":{"line":285,"column":35},"end":{"line":305,"column":9}}},"29":{"name":"_closeAction","decl":{"start":{"line":307,"column":27},"end":{"line":307,"column":39}},"loc":{"start":{"line":307,"column":47},"end":{"line":311,"column":5}}}},"branchMap":{"0":{"loc":{"start":{"line":7,"column":247},"end":{"line":7,"column":281}},"type":"if","locations":[{"start":{"line":7,"column":247},"end":{"line":7,"column":281}},{"start":{"line":7,"column":247},"end":{"line":7,"column":281}}]},"1":{"loc":{"start":{"line":7,"column":251},"end":{"line":7,"column":273}},"type":"binary-expr","locations":[{"start":{"line":7,"column":251},"end":{"line":7,"column":252}},{"start":{"line":7,"column":256},"end":{"line":7,"column":273}}]},"2":{"loc":{"start":{"line":7,"column":339},"end":{"line":7,"column":379}},"type":"if","locations":[{"start":{"line":7,"column":339},"end":{"line":7,"column":379}},{"start":{"line":7,"column":339},"end":{"line":7,"column":379}}]},"3":{"loc":{"start":{"line":7,"column":343},"end":{"line":7,"column":362}},"type":"binary-expr","locations":[{"start":{"line":7,"column":343},"end":{"line":7,"column":346}},{"start":{"line":7,"column":350},"end":{"line":7,"column":362}}]},"4":{"loc":{"start":{"line":7,"column":392},"end":{"line":7,"column":409}},"type":"if","locations":[{"start":{"line":7,"column":392},"end":{"line":7,"column":409}},{"start":{"line":7,"column":392},"end":{"line":7,"column":409}}]},"5":{"loc":{"start":{"line":7,"column":456},"end":{"line":7,"column":656}},"type":"if","locations":[{"start":{"line":7,"column":456},"end":{"line":7,"column":656}},{"start":{"line":7,"column":456},"end":{"line":7,"column":656}}]},"6":{"loc":{"start":{"line":7,"column":501},"end":{"line":7,"column":656}},"type":"if","locations":[{"start":{"line":7,"column":501},"end":{"line":7,"column":656}},{"start":{"line":7,"column":501},"end":{"line":7,"column":656}}]},"7":{"loc":{"start":{"line":79,"column":46},"end":{"line":79,"column":92}},"type":"cond-expr","locations":[{"start":{"line":79,"column":70},"end":{"line":79,"column":73}},{"start":{"line":79,"column":76},"end":{"line":79,"column":92}}]},"8":{"loc":{"start":{"line":79,"column":46},"end":{"line":79,"column":67}},"type":"binary-expr","locations":[{"start":{"line":79,"column":46},"end":{"line":79,"column":49}},{"start":{"line":79,"column":53},"end":{"line":79,"column":67}}]},"9":{"loc":{"start":{"line":82,"column":11},"end":{"line":82,"column":56}},"type":"binary-expr","locations":[{"start":{"line":82,"column":11},"end":{"line":82,"column":24}},{"start":{"line":82,"column":28},"end":{"line":82,"column":56}}]},"10":{"loc":{"start":{"line":105,"column":4},"end":{"line":107,"column":5}},"type":"if","locations":[{"start":{"line":105,"column":4},"end":{"line":107,"column":5}},{"start":{"line":105,"column":4},"end":{"line":107,"column":5}}]},"11":{"loc":{"start":{"line":105,"column":8},"end":{"line":105,"column":86}},"type":"binary-expr","locations":[{"start":{"line":105,"column":8},"end":{"line":105,"column":19}},{"start":{"line":105,"column":23},"end":{"line":105,"column":50}},{"start":{"line":105,"column":54},"end":{"line":105,"column":86}}]},"12":{"loc":{"start":{"line":123,"column":8},"end":{"line":125,"column":9}},"type":"if","locations":[{"start":{"line":123,"column":8},"end":{"line":125,"column":9}},{"start":{"line":123,"column":8},"end":{"line":125,"column":9}}]},"13":{"loc":{"start":{"line":123,"column":12},"end":{"line":123,"column":116}},"type":"binary-expr","locations":[{"start":{"line":123,"column":12},"end":{"line":123,"column":40}},{"start":{"line":123,"column":44},"end":{"line":123,"column":116}}]},"14":{"loc":{"start":{"line":130,"column":8},"end":{"line":134,"column":9}},"type":"if","locations":[{"start":{"line":130,"column":8},"end":{"line":134,"column":9}},{"start":{"line":130,"column":8},"end":{"line":134,"column":9}}]},"15":{"loc":{"start":{"line":140,"column":138},"end":{"line":140,"column":176}},"type":"binary-expr","locations":[{"start":{"line":140,"column":138},"end":{"line":140,"column":170}},{"start":{"line":140,"column":174},"end":{"line":140,"column":176}}]},"16":{"loc":{"start":{"line":141,"column":23},"end":{"line":141,"column":41}},"type":"binary-expr","locations":[{"start":{"line":141,"column":23},"end":{"line":141,"column":35}},{"start":{"line":141,"column":39},"end":{"line":141,"column":41}}]},"17":{"loc":{"start":{"line":193,"column":8},"end":{"line":193,"column":60}},"type":"binary-expr","locations":[{"start":{"line":193,"column":8},"end":{"line":193,"column":25}},{"start":{"line":193,"column":29},"end":{"line":193,"column":60}}]},"18":{"loc":{"start":{"line":202,"column":8},"end":{"line":204,"column":9}},"type":"if","locations":[{"start":{"line":202,"column":8},"end":{"line":204,"column":9}},{"start":{"line":202,"column":8},"end":{"line":204,"column":9}}]},"19":{"loc":{"start":{"line":216,"column":8},"end":{"line":218,"column":9}},"type":"if","locations":[{"start":{"line":216,"column":8},"end":{"line":218,"column":9}},{"start":{"line":216,"column":8},"end":{"line":218,"column":9}}]},"20":{"loc":{"start":{"line":239,"column":29},"end":{"line":239,"column":91}},"type":"binary-expr","locations":[{"start":{"line":239,"column":29},"end":{"line":239,"column":55}},{"start":{"line":239,"column":59},"end":{"line":239,"column":91}}]},"21":{"loc":{"start":{"line":246,"column":8},"end":{"line":252,"column":9}},"type":"if","locations":[{"start":{"line":246,"column":8},"end":{"line":252,"column":9}},{"start":{"line":246,"column":8},"end":{"line":252,"column":9}}]},"22":{"loc":{"start":{"line":261,"column":8},"end":{"line":263,"column":9}},"type":"if","locations":[{"start":{"line":261,"column":8},"end":{"line":263,"column":9}},{"start":{"line":261,"column":8},"end":{"line":263,"column":9}}]},"23":{"loc":{"start":{"line":261,"column":12},"end":{"line":261,"column":60}},"type":"binary-expr","locations":[{"start":{"line":261,"column":12},"end":{"line":261,"column":23}},{"start":{"line":261,"column":27},"end":{"line":261,"column":60}}]},"24":{"loc":{"start":{"line":287,"column":12},"end":{"line":293,"column":13}},"type":"if","locations":[{"start":{"line":287,"column":12},"end":{"line":293,"column":13}},{"start":{"line":287,"column":12},"end":{"line":293,"column":13}}]},"25":{"loc":{"start":{"line":299,"column":12},"end":{"line":302,"column":13}},"type":"if","locations":[{"start":{"line":299,"column":12},"end":{"line":302,"column":13}},{"start":{"line":299,"column":12},"end":{"line":302,"column":13}}]}},"s":{"0":1,"1":1,"2":0,"3":0,"4":0,"5":0,"6":0,"7":0,"8":0,"9":0,"10":0,"11":0,"12":0,"13":0,"14":0,"15":0,"16":0,"17":0,"18":0,"19":1,"20":0,"21":0,"22":0,"23":0,"24":0,"25":1,"26":1,"27":1,"28":1,"29":1,"30":1,"31":1,"32":1,"33":1,"34":1,"35":1,"36":1,"37":1,"38":1,"39":1,"40":1,"41":1,"42":1,"43":1,"44":1,"45":1,"46":1,"47":1,"48":1,"49":1,"50":1,"51":1,"52":1,"53":1,"54":1,"55":1,"56":1,"57":1,"58":1,"59":1,"60":15,"61":1,"62":0,"63":0,"64":0,"65":1,"66":0,"67":1,"68":0,"69":1,"70":1,"71":0,"72":0,"73":0,"74":0,"75":0,"76":0,"77":0,"78":0,"79":0,"80":0,"81":0,"82":0,"83":0,"84":0,"85":0,"86":0,"87":0,"88":0,"89":0,"90":0,"91":0,"92":0,"93":0,"94":0,"95":0,"96":0,"97":0,"98":0,"99":1,"100":0,"101":0,"102":0,"103":0,"104":0,"105":0,"106":0,"107":0,"108":0,"109":0,"110":0,"111":0,"112":0,"113":0,"114":0,"115":0,"116":0,"117":0,"118":0,"119":0,"120":0,"121":0,"122":0,"123":0,"124":0,"125":0,"126":0,"127":0,"128":0,"129":0,"130":0,"131":0,"132":0,"133":0,"134":0,"135":0,"136":0,"137":0,"138":0,"139":0,"140":0,"141":0,"142":0,"143":0},"f":{"0":1,"1":0,"2":0,"3":15,"4":0,"5":0,"6":0,"7":0,"8":0,"9":0,"10":0,"11":0,"12":0,"13":0,"14":0,"15":0,"16":0,"17":0,"18":0,"19":0,"20":0,"21":0,"22":0,"23":0,"24":0,"25":0,"26":0,"27":0,"28":0,"29":0},"b":{"0":[0,0],"1":[0,0],"2":[0,0],"3":[0,0],"4":[0,0],"5":[0,0],"6":[0,0],"7":[13,2],"8":[15,15],"9":[0,0],"10":[0,0],"11":[0,0,0],"12":[0,0],"13":[0,0],"14":[0,0],"15":[0,0],"16":[0,0],"17":[0,0],"18":[0,0],"19":[0,0],"20":[0,0],"21":[0,0],"22":[0,0],"23":[0,0],"24":[0,0],"25":[0,0]},"_coverageSchema":"332fd63041d2c1bcb487cc26dd0d5f7d97098a6c","hash":"0d079acb20838200f221b8b0957c0e48b7252235","contentHash":"713b27aebc94fff4a72d2a608d490ad4_10.1.2"},"/Users/markpo/Projects/dhis/core-apps/maintenance-app/src/config/disabled-on-edit/index.js":{"path":"/Users/markpo/Projects/dhis/core-apps/maintenance-app/src/config/disabled-on-edit/index.js","statementMap":{"0":{"start":{"line":3,"column":0},"end":{"line":5,"column":3}},"1":{"start":{"line":7,"column":16},"end":{"line":7,"column":37}},"2":{"start":{"line":9,"column":17},"end":{"line":9,"column":50}},"3":{"start":{"line":11,"column":21},"end":{"line":11,"column":47}},"4":{"start":{"line":13,"column":22},"end":{"line":13,"column":60}},"5":{"start":{"line":15,"column":27},"end":{"line":15,"column":59}},"6":{"start":{"line":17,"column":28},"end":{"line":17,"column":72}},"7":{"start":{"line":19,"column":27},"end":{"line":19,"column":59}},"8":{"start":{"line":21,"column":28},"end":{"line":21,"column":72}},"9":{"start":{"line":23,"column":30},"end":{"line":23,"column":65}},"10":{"start":{"line":25,"column":31},"end":{"line":25,"column":78}},"11":{"start":{"line":27,"column":17},"end":{"line":27,"column":39}},"12":{"start":{"line":29,"column":18},"end":{"line":29,"column":52}},"13":{"start":{"line":31,"column":39},"end":{"line":31,"column":93}},"14":{"start":{"line":33,"column":21},"end":{"line":40,"column":1}},"15":{"start":{"line":42,"column":0},"end":{"line":49,"column":2}},"16":{"start":{"line":44,"column":8},"end":{"line":46,"column":9}},"17":{"start":{"line":45,"column":12},"end":{"line":45,"column":46}},"18":{"start":{"line":47,"column":8},"end":{"line":47,"column":18}}},"fnMap":{"0":{"name":"_interopRequireDefault","decl":{"start":{"line":31,"column":9},"end":{"line":31,"column":31}},"loc":{"start":{"line":31,"column":37},"end":{"line":31,"column":95}}},"1":{"name":"_for","decl":{"start":{"line":43,"column":18},"end":{"line":43,"column":22}},"loc":{"start":{"line":43,"column":35},"end":{"line":48,"column":5}}}},"branchMap":{"0":{"loc":{"start":{"line":31,"column":46},"end":{"line":31,"column":92}},"type":"cond-expr","locations":[{"start":{"line":31,"column":70},"end":{"line":31,"column":73}},{"start":{"line":31,"column":76},"end":{"line":31,"column":92}}]},"1":{"loc":{"start":{"line":31,"column":46},"end":{"line":31,"column":67}},"type":"binary-expr","locations":[{"start":{"line":31,"column":46},"end":{"line":31,"column":49}},{"start":{"line":31,"column":53},"end":{"line":31,"column":67}}]},"2":{"loc":{"start":{"line":44,"column":8},"end":{"line":46,"column":9}},"type":"if","locations":[{"start":{"line":44,"column":8},"end":{"line":46,"column":9}},{"start":{"line":44,"column":8},"end":{"line":46,"column":9}}]},"3":{"loc":{"start":{"line":44,"column":12},"end":{"line":44,"column":52}},"type":"binary-expr","locations":[{"start":{"line":44,"column":12},"end":{"line":44,"column":22}},{"start":{"line":44,"column":26},"end":{"line":44,"column":52}}]}},"s":{"0":1,"1":1,"2":1,"3":1,"4":1,"5":1,"6":1,"7":1,"8":1,"9":1,"10":1,"11":1,"12":1,"13":6,"14":1,"15":1,"16":0,"17":0,"18":0},"f":{"0":6,"1":0},"b":{"0":[6,0],"1":[6,6],"2":[0,0],"3":[0,0]},"_coverageSchema":"332fd63041d2c1bcb487cc26dd0d5f7d97098a6c","hash":"c626bc05e0d82113173166de2cad2ec7e7c1cf39","contentHash":"d86c8af65ac5095317be7d90acbdf902_10.1.2"},"/Users/markpo/Projects/dhis/core-apps/maintenance-app/src/config/disabled-on-edit/category.js":{"path":"/Users/markpo/Projects/dhis/core-apps/maintenance-app/src/config/disabled-on-edit/category.js","statementMap":{"0":{"start":{"line":3,"column":0},"end":{"line":5,"column":3}},"1":{"start":{"line":6,"column":0},"end":{"line":6,"column":40}}},"fnMap":{},"branchMap":{},"s":{"0":1,"1":1},"f":{},"b":{},"_coverageSchema":"332fd63041d2c1bcb487cc26dd0d5f7d97098a6c","hash":"df4e544fe0ae7bbacf649b30cec3353b0fc68d12","contentHash":"564ac7495ff13a4881e00eb4d42717b0_10.1.2"},"/Users/markpo/Projects/dhis/core-apps/maintenance-app/src/config/disabled-on-edit/categoryCombo.js":{"path":"/Users/markpo/Projects/dhis/core-apps/maintenance-app/src/config/disabled-on-edit/categoryCombo.js","statementMap":{"0":{"start":{"line":3,"column":0},"end":{"line":5,"column":3}},"1":{"start":{"line":6,"column":0},"end":{"line":6,"column":40}}},"fnMap":{},"branchMap":{},"s":{"0":1,"1":1},"f":{},"b":{},"_coverageSchema":"332fd63041d2c1bcb487cc26dd0d5f7d97098a6c","hash":"c90715374d964b6db27ffb6ed2f62f4ed010cf2a","contentHash":"ec1c174866600cba3f418bf9ec8a86c5_10.1.2"},"/Users/markpo/Projects/dhis/core-apps/maintenance-app/src/config/disabled-on-edit/categoryOptionCombo.js":{"path":"/Users/markpo/Projects/dhis/core-apps/maintenance-app/src/config/disabled-on-edit/categoryOptionCombo.js","statementMap":{"0":{"start":{"line":3,"column":0},"end":{"line":5,"column":3}},"1":{"start":{"line":6,"column":0},"end":{"line":6,"column":27}}},"fnMap":{},"branchMap":{},"s":{"0":1,"1":1},"f":{},"b":{},"_coverageSchema":"332fd63041d2c1bcb487cc26dd0d5f7d97098a6c","hash":"3b60b6056d9ca9a5295e17b266beca65c15bded7","contentHash":"939fffd3ab346ad07c15f4940acba915_10.1.2"},"/Users/markpo/Projects/dhis/core-apps/maintenance-app/src/config/disabled-on-edit/categoryOptionGroup.js":{"path":"/Users/markpo/Projects/dhis/core-apps/maintenance-app/src/config/disabled-on-edit/categoryOptionGroup.js","statementMap":{"0":{"start":{"line":3,"column":0},"end":{"line":5,"column":3}},"1":{"start":{"line":6,"column":0},"end":{"line":6,"column":40}}},"fnMap":{},"branchMap":{},"s":{"0":1,"1":1},"f":{},"b":{},"_coverageSchema":"332fd63041d2c1bcb487cc26dd0d5f7d97098a6c","hash":"a81032a1804a9918d7faf0257d2757c7fdff6416","contentHash":"563d821004e22ac967a634ab9251339f_10.1.2"},"/Users/markpo/Projects/dhis/core-apps/maintenance-app/src/config/disabled-on-edit/categoryOptionGroupSet.js":{"path":"/Users/markpo/Projects/dhis/core-apps/maintenance-app/src/config/disabled-on-edit/categoryOptionGroupSet.js","statementMap":{"0":{"start":{"line":3,"column":0},"end":{"line":5,"column":3}},"1":{"start":{"line":6,"column":0},"end":{"line":6,"column":40}}},"fnMap":{},"branchMap":{},"s":{"0":1,"1":1},"f":{},"b":{},"_coverageSchema":"332fd63041d2c1bcb487cc26dd0d5f7d97098a6c","hash":"2e089416481a6a2c3e79b22fe2f7712e927947c1","contentHash":"f337fbfc325593faa470b309c0713a60_10.1.2"},"/Users/markpo/Projects/dhis/core-apps/maintenance-app/src/config/disabled-on-edit/optionSet.js":{"path":"/Users/markpo/Projects/dhis/core-apps/maintenance-app/src/config/disabled-on-edit/optionSet.js","statementMap":{"0":{"start":{"line":3,"column":0},"end":{"line":5,"column":3}},"1":{"start":{"line":6,"column":0},"end":{"line":6,"column":32}}},"fnMap":{},"branchMap":{},"s":{"0":1,"1":1},"f":{},"b":{},"_coverageSchema":"332fd63041d2c1bcb487cc26dd0d5f7d97098a6c","hash":"903d2523b71a21a3fb46439460faf08d8d36ca9b","contentHash":"8b217bce4c635cf5a602b542cdd73868_10.1.2"},"/Users/markpo/Projects/dhis/core-apps/maintenance-app/src/EditModel/modelToEditStore.js":{"path":"/Users/markpo/Projects/dhis/core-apps/maintenance-app/src/EditModel/modelToEditStore.js","statementMap":{"0":{"start":{"line":3,"column":0},"end":{"line":5,"column":3}},"1":{"start":{"line":7,"column":24},"end":{"line":7,"column":53}},"2":{"start":{"line":9,"column":25},"end":{"line":9,"column":66}},"3":{"start":{"line":11,"column":39},"end":{"line":11,"column":93}},"4":{"start":{"line":13,"column":0},"end":{"line":13,"column":54}}},"fnMap":{"0":{"name":"_interopRequireDefault","decl":{"start":{"line":11,"column":9},"end":{"line":11,"column":31}},"loc":{"start":{"line":11,"column":37},"end":{"line":11,"column":95}}}},"branchMap":{"0":{"loc":{"start":{"line":11,"column":46},"end":{"line":11,"column":92}},"type":"cond-expr","locations":[{"start":{"line":11,"column":70},"end":{"line":11,"column":73}},{"start":{"line":11,"column":76},"end":{"line":11,"column":92}}]},"1":{"loc":{"start":{"line":11,"column":46},"end":{"line":11,"column":67}},"type":"binary-expr","locations":[{"start":{"line":11,"column":46},"end":{"line":11,"column":49}},{"start":{"line":11,"column":53},"end":{"line":11,"column":67}}]}},"s":{"0":1,"1":1,"2":1,"3":1,"4":1},"f":{"0":1},"b":{"0":[1,0],"1":[1,1]},"_coverageSchema":"332fd63041d2c1bcb487cc26dd0d5f7d97098a6c","hash":"be820e5288ca12637302ed87a4d97a69681b4d18","contentHash":"4d93c5a553c1d7b8fd0a411c905d8c1a_10.1.2"},"/Users/markpo/Projects/dhis/core-apps/maintenance-app/src/EditModel/SingleModelStore.js":{"path":"/Users/markpo/Projects/dhis/core-apps/maintenance-app/src/EditModel/SingleModelStore.js","statementMap":{"0":{"start":{"line":3,"column":0},"end":{"line":5,"column":3}},"1":{"start":{"line":7,"column":13},"end":{"line":7,"column":45}},"2":{"start":{"line":9,"column":14},"end":{"line":9,"column":44}},"3":{"start":{"line":11,"column":9},"end":{"line":11,"column":29}},"4":{"start":{"line":13,"column":12},"end":{"line":13,"column":27}},"5":{"start":{"line":15,"column":16},"end":{"line":15,"column":50}},"6":{"start":{"line":17,"column":17},"end":{"line":17,"column":50}},"7":{"start":{"line":19,"column":39},"end":{"line":19,"column":93}},"8":{"start":{"line":21,"column":20},"end":{"line":35,"column":4}},"9":{"start":{"line":38,"column":4},"end":{"line":43,"column":7}},"10":{"start":{"line":39,"column":8},"end":{"line":41,"column":9}},"11":{"start":{"line":40,"column":12},"end":{"line":40,"column":86}},"12":{"start":{"line":42,"column":8},"end":{"line":42,"column":47}},"13":{"start":{"line":46,"column":29},"end":{"line":99,"column":1}},"14":{"start":{"line":48,"column":20},"end":{"line":48,"column":24}},"15":{"start":{"line":50,"column":25},"end":{"line":50,"column":40}},"16":{"start":{"line":51,"column":23},"end":{"line":51,"column":36}},"17":{"start":{"line":53,"column":8},"end":{"line":55,"column":11}},"18":{"start":{"line":54,"column":12},"end":{"line":54,"column":34}},"19":{"start":{"line":58,"column":21},"end":{"line":58,"column":25}},"20":{"start":{"line":60,"column":25},"end":{"line":60,"column":41}},"21":{"start":{"line":61,"column":23},"end":{"line":61,"column":37}},"22":{"start":{"line":63,"column":21},"end":{"line":70,"column":10}},"23":{"start":{"line":65,"column":12},"end":{"line":65,"column":33}},"24":{"start":{"line":67,"column":12},"end":{"line":67,"column":35}},"25":{"start":{"line":69,"column":12},"end":{"line":69,"column":35}},"26":{"start":{"line":72,"column":8},"end":{"line":72,"column":52}},"27":{"start":{"line":75,"column":34},"end":{"line":95,"column":10}},"28":{"start":{"line":76,"column":12},"end":{"line":76,"column":28}},"29":{"start":{"line":78,"column":12},"end":{"line":80,"column":13}},"30":{"start":{"line":79,"column":16},"end":{"line":79,"column":48}},"31":{"start":{"line":82,"column":12},"end":{"line":84,"column":13}},"32":{"start":{"line":83,"column":16},"end":{"line":83,"column":68}},"33":{"start":{"line":86,"column":12},"end":{"line":88,"column":13}},"34":{"start":{"line":87,"column":16},"end":{"line":87,"column":81}},"35":{"start":{"line":90,"column":12},"end":{"line":92,"column":13}},"36":{"start":{"line":91,"column":16},"end":{"line":91,"column":56}},"37":{"start":{"line":94,"column":12},"end":{"line":94,"column":52}},"38":{"start":{"line":97,"column":8},"end":{"line":97,"column":65}},"39":{"start":{"line":101,"column":0},"end":{"line":107,"column":2}},"40":{"start":{"line":103,"column":26},"end":{"line":103,"column":81}},"41":{"start":{"line":105,"column":8},"end":{"line":105,"column":51}}},"fnMap":{"0":{"name":"_interopRequireDefault","decl":{"start":{"line":19,"column":9},"end":{"line":19,"column":31}},"loc":{"start":{"line":19,"column":37},"end":{"line":19,"column":95}}},"1":{"name":"loadModelFromD2","decl":{"start":{"line":37,"column":9},"end":{"line":37,"column":24}},"loc":{"start":{"line":37,"column":47},"end":{"line":44,"column":1}}},"2":{"name":"(anonymous_2)","decl":{"start":{"line":38,"column":38},"end":{"line":38,"column":39}},"loc":{"start":{"line":38,"column":52},"end":{"line":43,"column":5}}},"3":{"name":"getObjectOfTypeById","decl":{"start":{"line":47,"column":34},"end":{"line":47,"column":53}},"loc":{"start":{"line":47,"column":60},"end":{"line":56,"column":5}}},"4":{"name":"(anonymous_4)","decl":{"start":{"line":53,"column":86},"end":{"line":53,"column":87}},"loc":{"start":{"line":53,"column":103},"end":{"line":55,"column":9}}},"5":{"name":"getObjectOfTypeByIdAndClone","decl":{"start":{"line":57,"column":42},"end":{"line":57,"column":69}},"loc":{"start":{"line":57,"column":77},"end":{"line":73,"column":5}}},"6":{"name":"(anonymous_6)","decl":{"start":{"line":63,"column":64},"end":{"line":63,"column":65}},"loc":{"start":{"line":63,"column":81},"end":{"line":70,"column":9}}},"7":{"name":"save","decl":{"start":{"line":74,"column":19},"end":{"line":74,"column":23}},"loc":{"start":{"line":74,"column":26},"end":{"line":98,"column":5}}},"8":{"name":"(anonymous_8)","decl":{"start":{"line":75,"column":61},"end":{"line":75,"column":62}},"loc":{"start":{"line":75,"column":81},"end":{"line":77,"column":9}}},"9":{"name":"(anonymous_9)","decl":{"start":{"line":77,"column":17},"end":{"line":77,"column":18}},"loc":{"start":{"line":77,"column":37},"end":{"line":95,"column":9}}},"10":{"name":"create","decl":{"start":{"line":102,"column":21},"end":{"line":102,"column":27}},"loc":{"start":{"line":102,"column":36},"end":{"line":106,"column":5}}}},"branchMap":{"0":{"loc":{"start":{"line":19,"column":46},"end":{"line":19,"column":92}},"type":"cond-expr","locations":[{"start":{"line":19,"column":70},"end":{"line":19,"column":73}},{"start":{"line":19,"column":76},"end":{"line":19,"column":92}}]},"1":{"loc":{"start":{"line":19,"column":46},"end":{"line":19,"column":67}},"type":"binary-expr","locations":[{"start":{"line":19,"column":46},"end":{"line":19,"column":49}},{"start":{"line":19,"column":53},"end":{"line":19,"column":67}}]},"2":{"loc":{"start":{"line":39,"column":8},"end":{"line":41,"column":9}},"type":"if","locations":[{"start":{"line":39,"column":8},"end":{"line":41,"column":9}},{"start":{"line":39,"column":8},"end":{"line":41,"column":9}}]},"3":{"loc":{"start":{"line":78,"column":12},"end":{"line":80,"column":13}},"type":"if","locations":[{"start":{"line":78,"column":12},"end":{"line":80,"column":13}},{"start":{"line":78,"column":12},"end":{"line":80,"column":13}}]},"4":{"loc":{"start":{"line":82,"column":12},"end":{"line":84,"column":13}},"type":"if","locations":[{"start":{"line":82,"column":12},"end":{"line":84,"column":13}},{"start":{"line":82,"column":12},"end":{"line":84,"column":13}}]},"5":{"loc":{"start":{"line":82,"column":16},"end":{"line":82,"column":65}},"type":"binary-expr","locations":[{"start":{"line":82,"column":16},"end":{"line":82,"column":33}},{"start":{"line":82,"column":37},"end":{"line":82,"column":65}}]},"6":{"loc":{"start":{"line":86,"column":12},"end":{"line":88,"column":13}},"type":"if","locations":[{"start":{"line":86,"column":12},"end":{"line":88,"column":13}},{"start":{"line":86,"column":12},"end":{"line":88,"column":13}}]},"7":{"loc":{"start":{"line":86,"column":16},"end":{"line":86,"column":124}},"type":"binary-expr","locations":[{"start":{"line":86,"column":16},"end":{"line":86,"column":24}},{"start":{"line":86,"column":28},"end":{"line":86,"column":45}},{"start":{"line":86,"column":49},"end":{"line":86,"column":79}},{"start":{"line":86,"column":83},"end":{"line":86,"column":124}}]},"8":{"loc":{"start":{"line":90,"column":12},"end":{"line":92,"column":13}},"type":"if","locations":[{"start":{"line":90,"column":12},"end":{"line":92,"column":13}},{"start":{"line":90,"column":12},"end":{"line":92,"column":13}}]},"9":{"loc":{"start":{"line":90,"column":16},"end":{"line":90,"column":44}},"type":"binary-expr","locations":[{"start":{"line":90,"column":16},"end":{"line":90,"column":24}},{"start":{"line":90,"column":28},"end":{"line":90,"column":44}}]},"10":{"loc":{"start":{"line":103,"column":68},"end":{"line":103,"column":80}},"type":"binary-expr","locations":[{"start":{"line":103,"column":68},"end":{"line":103,"column":74}},{"start":{"line":103,"column":78},"end":{"line":103,"column":80}}]}},"s":{"0":1,"1":1,"2":1,"3":1,"4":1,"5":1,"6":1,"7":2,"8":1,"9":0,"10":0,"11":0,"12":0,"13":1,"14":0,"15":0,"16":0,"17":0,"18":0,"19":0,"20":0,"21":0,"22":0,"23":0,"24":0,"25":0,"26":0,"27":0,"28":0,"29":0,"30":0,"31":0,"32":0,"33":0,"34":0,"35":0,"36":0,"37":0,"38":0,"39":1,"40":1,"41":1},"f":{"0":2,"1":0,"2":0,"3":0,"4":0,"5":0,"6":0,"7":0,"8":0,"9":0,"10":1},"b":{"0":[2,0],"1":[2,2],"2":[0,0],"3":[0,0],"4":[0,0],"5":[0,0],"6":[0,0],"7":[0,0,0,0],"8":[0,0],"9":[0,0],"10":[1,1]},"_coverageSchema":"332fd63041d2c1bcb487cc26dd0d5f7d97098a6c","hash":"61f28d25c0e1ed3c95959e7a4830bd95cb250935","contentHash":"536f2a6fd1c50fd68c3a5d55e909aab4_10.1.2"},"/Users/markpo/Projects/dhis/core-apps/maintenance-app/src/EditModel/objectActions.js":{"path":"/Users/markpo/Projects/dhis/core-apps/maintenance-app/src/EditModel/objectActions.js","statementMap":{"0":{"start":{"line":3,"column":0},"end":{"line":5,"column":3}},"1":{"start":{"line":7,"column":15},"end":{"line":7,"column":256}},"2":{"start":{"line":7,"column":52},"end":{"line":7,"column":239}},"3":{"start":{"line":7,"column":110},"end":{"line":7,"column":122}},"4":{"start":{"line":7,"column":124},"end":{"line":7,"column":237}},"5":{"start":{"line":7,"column":150},"end":{"line":7,"column":235}},"6":{"start":{"line":7,"column":207},"end":{"line":7,"column":233}},"7":{"start":{"line":7,"column":240},"end":{"line":7,"column":254}},"8":{"start":{"line":9,"column":14},"end":{"line":9,"column":48}},"9":{"start":{"line":11,"column":15},"end":{"line":11,"column":46}},"10":{"start":{"line":13,"column":24},"end":{"line":13,"column":53}},"11":{"start":{"line":15,"column":25},"end":{"line":15,"column":66}},"12":{"start":{"line":17,"column":16},"end":{"line":17,"column":35}},"13":{"start":{"line":19,"column":17},"end":{"line":19,"column":50}},"14":{"start":{"line":21,"column":9},"end":{"line":21,"column":29}},"15":{"start":{"line":23,"column":28},"end":{"line":23,"column":61}},"16":{"start":{"line":25,"column":29},"end":{"line":25,"column":74}},"17":{"start":{"line":27,"column":30},"end":{"line":27,"column":78}},"18":{"start":{"line":29,"column":31},"end":{"line":29,"column":78}},"19":{"start":{"line":31,"column":12},"end":{"line":31,"column":27}},"20":{"start":{"line":33,"column":12},"end":{"line":33,"column":48}},"21":{"start":{"line":35,"column":10},"end":{"line":35,"column":30}},"22":{"start":{"line":37,"column":13},"end":{"line":37,"column":49}},"23":{"start":{"line":39,"column":14},"end":{"line":39,"column":44}},"24":{"start":{"line":41,"column":39},"end":{"line":41,"column":93}},"25":{"start":{"line":43,"column":60},"end":{"line":43,"column":62}},"26":{"start":{"line":43,"column":64},"end":{"line":43,"column":203}},"27":{"start":{"line":43,"column":85},"end":{"line":43,"column":120}},"28":{"start":{"line":43,"column":111},"end":{"line":43,"column":120}},"29":{"start":{"line":43,"column":121},"end":{"line":43,"column":181}},"30":{"start":{"line":43,"column":172},"end":{"line":43,"column":181}},"31":{"start":{"line":43,"column":182},"end":{"line":43,"column":201}},"32":{"start":{"line":43,"column":204},"end":{"line":43,"column":218}},"33":{"start":{"line":45,"column":33},"end":{"line":45,"column":456}},"34":{"start":{"line":45,"column":64},"end":{"line":45,"column":89}},"35":{"start":{"line":45,"column":91},"end":{"line":45,"column":453}},"36":{"start":{"line":45,"column":165},"end":{"line":45,"column":263}},"37":{"start":{"line":45,"column":182},"end":{"line":45,"column":195}},"38":{"start":{"line":45,"column":209},"end":{"line":45,"column":219}},"39":{"start":{"line":45,"column":239},"end":{"line":45,"column":253}},"40":{"start":{"line":45,"column":254},"end":{"line":45,"column":261}},"41":{"start":{"line":45,"column":264},"end":{"line":45,"column":426}},"42":{"start":{"line":45,"column":281},"end":{"line":45,"column":296}},"43":{"start":{"line":45,"column":306},"end":{"line":45,"column":424}},"44":{"start":{"line":45,"column":360},"end":{"line":45,"column":380}},"45":{"start":{"line":45,"column":401},"end":{"line":45,"column":420}},"46":{"start":{"line":45,"column":429},"end":{"line":45,"column":449}},"47":{"start":{"line":47,"column":44},"end":{"line":47,"column":195}},"48":{"start":{"line":47,"column":62},"end":{"line":47,"column":166}},"49":{"start":{"line":47,"column":176},"end":{"line":47,"column":193}},"50":{"start":{"line":47,"column":196},"end":{"line":47,"column":207}},"51":{"start":{"line":49,"column":39},"end":{"line":49,"column":241}},"52":{"start":{"line":51,"column":20},"end":{"line":51,"column":196}},"53":{"start":{"line":53,"column":21},"end":{"line":120,"column":1}},"54":{"start":{"line":55,"column":25},"end":{"line":59,"column":10}},"55":{"start":{"line":56,"column":12},"end":{"line":56,"column":22}},"56":{"start":{"line":58,"column":12},"end":{"line":58,"column":85}},"57":{"start":{"line":60,"column":31},"end":{"line":60,"column":71}},"58":{"start":{"line":61,"column":23},"end":{"line":67,"column":10}},"59":{"start":{"line":62,"column":12},"end":{"line":62,"column":86}},"60":{"start":{"line":64,"column":12},"end":{"line":64,"column":22}},"61":{"start":{"line":66,"column":12},"end":{"line":66,"column":83}},"62":{"start":{"line":69,"column":29},"end":{"line":75,"column":10}},"63":{"start":{"line":70,"column":22},"end":{"line":70,"column":37}},"64":{"start":{"line":72,"column":12},"end":{"line":74,"column":16}},"65":{"start":{"line":73,"column":16},"end":{"line":73,"column":39}},"66":{"start":{"line":77,"column":27},"end":{"line":83,"column":10}},"67":{"start":{"line":78,"column":22},"end":{"line":78,"column":37}},"68":{"start":{"line":80,"column":12},"end":{"line":82,"column":16}},"69":{"start":{"line":81,"column":16},"end":{"line":81,"column":37}},"70":{"start":{"line":85,"column":8},"end":{"line":85,"column":89}},"71":{"start":{"line":88,"column":25},"end":{"line":92,"column":10}},"72":{"start":{"line":89,"column":12},"end":{"line":89,"column":22}},"73":{"start":{"line":91,"column":12},"end":{"line":91,"column":81}},"74":{"start":{"line":93,"column":31},"end":{"line":93,"column":71}},"75":{"start":{"line":94,"column":23},"end":{"line":100,"column":10}},"76":{"start":{"line":95,"column":12},"end":{"line":95,"column":82}},"77":{"start":{"line":97,"column":12},"end":{"line":97,"column":22}},"78":{"start":{"line":99,"column":12},"end":{"line":99,"column":79}},"79":{"start":{"line":102,"column":29},"end":{"line":108,"column":10}},"80":{"start":{"line":103,"column":22},"end":{"line":103,"column":37}},"81":{"start":{"line":105,"column":12},"end":{"line":107,"column":16}},"82":{"start":{"line":106,"column":16},"end":{"line":106,"column":39}},"83":{"start":{"line":110,"column":27},"end":{"line":116,"column":10}},"84":{"start":{"line":111,"column":22},"end":{"line":111,"column":37}},"85":{"start":{"line":113,"column":12},"end":{"line":115,"column":16}},"86":{"start":{"line":114,"column":16},"end":{"line":114,"column":37}},"87":{"start":{"line":118,"column":8},"end":{"line":118,"column":89}},"88":{"start":{"line":123,"column":4},"end":{"line":125,"column":5}},"89":{"start":{"line":124,"column":8},"end":{"line":124,"column":21}},"90":{"start":{"line":127,"column":4},"end":{"line":129,"column":5}},"91":{"start":{"line":128,"column":8},"end":{"line":128,"column":20}},"92":{"start":{"line":130,"column":4},"end":{"line":130,"column":17}},"93":{"start":{"line":134,"column":4},"end":{"line":134,"column":77}},"94":{"start":{"line":137,"column":0},"end":{"line":143,"column":3}},"95":{"start":{"line":138,"column":15},"end":{"line":138,"column":24}},"96":{"start":{"line":139,"column":19},"end":{"line":139,"column":32}},"97":{"start":{"line":140,"column":16},"end":{"line":140,"column":26}},"98":{"start":{"line":142,"column":4},"end":{"line":142,"column":84}},"99":{"start":{"line":145,"column":0},"end":{"line":151,"column":3}},"100":{"start":{"line":146,"column":15},"end":{"line":146,"column":25}},"101":{"start":{"line":147,"column":19},"end":{"line":147,"column":33}},"102":{"start":{"line":148,"column":16},"end":{"line":148,"column":27}},"103":{"start":{"line":150,"column":4},"end":{"line":150,"column":92}},"104":{"start":{"line":153,"column":0},"end":{"line":175,"column":3}},"105":{"start":{"line":154,"column":15},"end":{"line":154,"column":25}},"106":{"start":{"line":155,"column":4},"end":{"line":155,"column":87}},"107":{"start":{"line":157,"column":23},"end":{"line":159,"column":5}},"108":{"start":{"line":158,"column":8},"end":{"line":158,"column":30}},"109":{"start":{"line":161,"column":25},"end":{"line":170,"column":5}},"110":{"start":{"line":162,"column":8},"end":{"line":169,"column":9}},"111":{"start":{"line":163,"column":12},"end":{"line":163,"column":60}},"112":{"start":{"line":164,"column":12},"end":{"line":166,"column":29}},"113":{"start":{"line":165,"column":16},"end":{"line":165,"column":50}},"114":{"start":{"line":168,"column":12},"end":{"line":168,"column":39}},"115":{"start":{"line":172,"column":4},"end":{"line":172,"column":99}},"116":{"start":{"line":174,"column":4},"end":{"line":174,"column":32}},"117":{"start":{"line":178,"column":4},"end":{"line":178,"column":87}},"118":{"start":{"line":184,"column":0},"end":{"line":237,"column":3}},"119":{"start":{"line":185,"column":15},"end":{"line":185,"column":25}},"120":{"start":{"line":186,"column":4},"end":{"line":186,"column":49}},"121":{"start":{"line":188,"column":16},"end":{"line":230,"column":7}},"122":{"start":{"line":189,"column":29},"end":{"line":189,"column":43}},"123":{"start":{"line":190,"column":25},"end":{"line":190,"column":36}},"124":{"start":{"line":192,"column":8},"end":{"line":229,"column":31}},"125":{"start":{"line":193,"column":12},"end":{"line":228,"column":13}},"126":{"start":{"line":194,"column":16},"end":{"line":227,"column":17}},"127":{"start":{"line":196,"column":24},"end":{"line":196,"column":42}},"128":{"start":{"line":197,"column":24},"end":{"line":197,"column":53}},"129":{"start":{"line":200,"column":24},"end":{"line":200,"column":43}},"130":{"start":{"line":201,"column":24},"end":{"line":201,"column":81}},"131":{"start":{"line":204,"column":24},"end":{"line":222,"column":25}},"132":{"start":{"line":205,"column":28},"end":{"line":205,"column":69}},"133":{"start":{"line":208,"column":28},"end":{"line":221,"column":31}},"134":{"start":{"line":209,"column":32},"end":{"line":209,"column":72}},"135":{"start":{"line":211,"column":32},"end":{"line":211,"column":64}},"136":{"start":{"line":212,"column":32},"end":{"line":215,"column":35}},"137":{"start":{"line":216,"column":32},"end":{"line":216,"column":50}},"138":{"start":{"line":218,"column":32},"end":{"line":218,"column":65}},"139":{"start":{"line":220,"column":32},"end":{"line":220,"column":57}},"140":{"start":{"line":226,"column":24},"end":{"line":226,"column":47}},"141":{"start":{"line":232,"column":4},"end":{"line":234,"column":6}},"142":{"start":{"line":233,"column":8},"end":{"line":233,"column":44}},"143":{"start":{"line":236,"column":4},"end":{"line":236,"column":32}},"144":{"start":{"line":239,"column":0},"end":{"line":302,"column":3}},"145":{"start":{"line":240,"column":15},"end":{"line":240,"column":25}},"146":{"start":{"line":241,"column":4},"end":{"line":241,"column":42}},"147":{"start":{"line":243,"column":16},"end":{"line":295,"column":7}},"148":{"start":{"line":244,"column":23},"end":{"line":244,"column":37}},"149":{"start":{"line":245,"column":20},"end":{"line":245,"column":31}},"150":{"start":{"line":247,"column":8},"end":{"line":294,"column":43}},"151":{"start":{"line":248,"column":12},"end":{"line":293,"column":13}},"152":{"start":{"line":249,"column":16},"end":{"line":292,"column":17}},"153":{"start":{"line":251,"column":24},"end":{"line":251,"column":107}},"154":{"start":{"line":252,"column":24},"end":{"line":252,"column":52}},"155":{"start":{"line":253,"column":24},"end":{"line":256,"column":26}},"156":{"start":{"line":257,"column":24},"end":{"line":257,"column":43}},"157":{"start":{"line":258,"column":24},"end":{"line":258,"column":53}},"158":{"start":{"line":261,"column":24},"end":{"line":261,"column":44}},"159":{"start":{"line":262,"column":24},"end":{"line":262,"column":46}},"160":{"start":{"line":263,"column":24},"end":{"line":263,"column":43}},"161":{"start":{"line":264,"column":24},"end":{"line":264,"column":44}},"162":{"start":{"line":265,"column":24},"end":{"line":265,"column":69}},"163":{"start":{"line":268,"column":24},"end":{"line":268,"column":50}},"164":{"start":{"line":271,"column":24},"end":{"line":278,"column":25}},"165":{"start":{"line":272,"column":28},"end":{"line":272,"column":53}},"166":{"start":{"line":274,"column":28},"end":{"line":274,"column":87}},"167":{"start":{"line":277,"column":28},"end":{"line":277,"column":164}},"168":{"start":{"line":279,"column":24},"end":{"line":279,"column":44}},"169":{"start":{"line":280,"column":24},"end":{"line":280,"column":30}},"170":{"start":{"line":283,"column":24},"end":{"line":283,"column":44}},"171":{"start":{"line":284,"column":24},"end":{"line":284,"column":61}},"172":{"start":{"line":286,"column":24},"end":{"line":286,"column":83}},"173":{"start":{"line":287,"column":24},"end":{"line":287,"column":63}},"174":{"start":{"line":291,"column":24},"end":{"line":291,"column":48}},"175":{"start":{"line":297,"column":4},"end":{"line":299,"column":6}},"176":{"start":{"line":298,"column":8},"end":{"line":298,"column":44}},"177":{"start":{"line":301,"column":4},"end":{"line":301,"column":39}},"178":{"start":{"line":304,"column":0},"end":{"line":399,"column":5}},"179":{"start":{"line":305,"column":15},"end":{"line":305,"column":26}},"180":{"start":{"line":306,"column":4},"end":{"line":306,"column":40}},"181":{"start":{"line":308,"column":17},"end":{"line":394,"column":7}},"182":{"start":{"line":309,"column":23},"end":{"line":309,"column":38}},"183":{"start":{"line":310,"column":20},"end":{"line":310,"column":32}},"184":{"start":{"line":312,"column":8},"end":{"line":393,"column":44}},"185":{"start":{"line":313,"column":12},"end":{"line":392,"column":13}},"186":{"start":{"line":314,"column":16},"end":{"line":391,"column":17}},"187":{"start":{"line":316,"column":24},"end":{"line":316,"column":43}},"188":{"start":{"line":317,"column":24},"end":{"line":317,"column":53}},"189":{"start":{"line":320,"column":24},"end":{"line":320,"column":44}},"190":{"start":{"line":321,"column":24},"end":{"line":321,"column":46}},"191":{"start":{"line":322,"column":24},"end":{"line":322,"column":77}},"192":{"start":{"line":323,"column":24},"end":{"line":323,"column":87}},"193":{"start":{"line":325,"column":24},"end":{"line":328,"column":25}},"194":{"start":{"line":326,"column":28},"end":{"line":326,"column":48}},"195":{"start":{"line":327,"column":28},"end":{"line":327,"column":34}},"196":{"start":{"line":330,"column":24},"end":{"line":330,"column":43}},"197":{"start":{"line":331,"column":24},"end":{"line":334,"column":27}},"198":{"start":{"line":332,"column":40},"end":{"line":332,"column":52}},"199":{"start":{"line":333,"column":28},"end":{"line":333,"column":44}},"200":{"start":{"line":337,"column":24},"end":{"line":337,"column":51}},"201":{"start":{"line":339,"column":24},"end":{"line":339,"column":54}},"202":{"start":{"line":342,"column":24},"end":{"line":354,"column":27}},"203":{"start":{"line":343,"column":42},"end":{"line":343,"column":56}},"204":{"start":{"line":344,"column":46},"end":{"line":344,"column":64}},"205":{"start":{"line":345,"column":40},"end":{"line":345,"column":100}},"206":{"start":{"line":347,"column":28},"end":{"line":353,"column":31}},"207":{"start":{"line":357,"column":24},"end":{"line":357,"column":73}},"208":{"start":{"line":359,"column":24},"end":{"line":361,"column":26}},"209":{"start":{"line":362,"column":24},"end":{"line":362,"column":44}},"210":{"start":{"line":363,"column":24},"end":{"line":363,"column":44}},"211":{"start":{"line":364,"column":24},"end":{"line":364,"column":69}},"212":{"start":{"line":367,"column":24},"end":{"line":367,"column":50}},"213":{"start":{"line":370,"column":24},"end":{"line":377,"column":25}},"214":{"start":{"line":371,"column":28},"end":{"line":371,"column":53}},"215":{"start":{"line":373,"column":28},"end":{"line":373,"column":87}},"216":{"start":{"line":376,"column":28},"end":{"line":376,"column":162}},"217":{"start":{"line":378,"column":24},"end":{"line":378,"column":44}},"218":{"start":{"line":379,"column":24},"end":{"line":379,"column":30}},"219":{"start":{"line":382,"column":24},"end":{"line":382,"column":44}},"220":{"start":{"line":383,"column":24},"end":{"line":383,"column":62}},"221":{"start":{"line":385,"column":24},"end":{"line":385,"column":81}},"222":{"start":{"line":386,"column":24},"end":{"line":386,"column":63}},"223":{"start":{"line":390,"column":24},"end":{"line":390,"column":48}},"224":{"start":{"line":396,"column":4},"end":{"line":398,"column":6}},"225":{"start":{"line":397,"column":8},"end":{"line":397,"column":45}},"226":{"start":{"line":401,"column":0},"end":{"line":434,"column":3}},"227":{"start":{"line":402,"column":23},"end":{"line":402,"column":34}},"228":{"start":{"line":403,"column":20},"end":{"line":403,"column":42}},"229":{"start":{"line":404,"column":16},"end":{"line":404,"column":34}},"230":{"start":{"line":406,"column":22},"end":{"line":406,"column":59}},"231":{"start":{"line":408,"column":4},"end":{"line":433,"column":5}},"232":{"start":{"line":409,"column":8},"end":{"line":417,"column":9}},"233":{"start":{"line":410,"column":12},"end":{"line":410,"column":114}},"234":{"start":{"line":411,"column":12},"end":{"line":411,"column":54}},"235":{"start":{"line":412,"column":12},"end":{"line":412,"column":91}},"236":{"start":{"line":414,"column":12},"end":{"line":414,"column":61}},"237":{"start":{"line":416,"column":12},"end":{"line":416,"column":37}},"238":{"start":{"line":419,"column":8},"end":{"line":425,"column":9}},"239":{"start":{"line":420,"column":12},"end":{"line":420,"column":77}},"240":{"start":{"line":421,"column":12},"end":{"line":421,"column":43}},"241":{"start":{"line":422,"column":12},"end":{"line":422,"column":91}},"242":{"start":{"line":424,"column":12},"end":{"line":424,"column":62}},"243":{"start":{"line":427,"column":8},"end":{"line":427,"column":57}},"244":{"start":{"line":429,"column":8},"end":{"line":429,"column":26}},"245":{"start":{"line":431,"column":8},"end":{"line":431,"column":63}},"246":{"start":{"line":432,"column":8},"end":{"line":432,"column":23}},"247":{"start":{"line":436,"column":0},"end":{"line":448,"column":3}},"248":{"start":{"line":437,"column":24},"end":{"line":437,"column":35}},"249":{"start":{"line":438,"column":24},"end":{"line":438,"column":51}},"250":{"start":{"line":439,"column":16},"end":{"line":439,"column":35}},"251":{"start":{"line":441,"column":22},"end":{"line":441,"column":59}},"252":{"start":{"line":443,"column":4},"end":{"line":443,"column":50}},"253":{"start":{"line":445,"column":4},"end":{"line":445,"column":53}},"254":{"start":{"line":447,"column":4},"end":{"line":447,"column":22}},"255":{"start":{"line":450,"column":0},"end":{"line":450,"column":32}}},"fnMap":{"0":{"name":"(anonymous_0)","decl":{"start":{"line":7,"column":32},"end":{"line":7,"column":33}},"loc":{"start":{"line":7,"column":50},"end":{"line":7,"column":256}}},"1":{"name":"_interopRequireDefault","decl":{"start":{"line":41,"column":9},"end":{"line":41,"column":31}},"loc":{"start":{"line":41,"column":37},"end":{"line":41,"column":95}}},"2":{"name":"_objectWithoutProperties","decl":{"start":{"line":43,"column":9},"end":{"line":43,"column":33}},"loc":{"start":{"line":43,"column":45},"end":{"line":43,"column":220}}},"3":{"name":"_asyncToGenerator","decl":{"start":{"line":45,"column":9},"end":{"line":45,"column":26}},"loc":{"start":{"line":45,"column":31},"end":{"line":45,"column":458}}},"4":{"name":"(anonymous_4)","decl":{"start":{"line":45,"column":40},"end":{"line":45,"column":41}},"loc":{"start":{"line":45,"column":52},"end":{"line":45,"column":455}}},"5":{"name":"(anonymous_5)","decl":{"start":{"line":45,"column":110},"end":{"line":45,"column":111}},"loc":{"start":{"line":45,"column":137},"end":{"line":45,"column":451}}},"6":{"name":"step","decl":{"start":{"line":45,"column":148},"end":{"line":45,"column":152}},"loc":{"start":{"line":45,"column":163},"end":{"line":45,"column":428}}},"7":{"name":"(anonymous_7)","decl":{"start":{"line":45,"column":341},"end":{"line":45,"column":342}},"loc":{"start":{"line":45,"column":358},"end":{"line":45,"column":382}}},"8":{"name":"(anonymous_8)","decl":{"start":{"line":45,"column":384},"end":{"line":45,"column":385}},"loc":{"start":{"line":45,"column":399},"end":{"line":45,"column":422}}},"9":{"name":"_defineProperty","decl":{"start":{"line":47,"column":9},"end":{"line":47,"column":24}},"loc":{"start":{"line":47,"column":42},"end":{"line":47,"column":209}}},"10":{"name":"dataElementAfterSave","decl":{"start":{"line":54,"column":26},"end":{"line":54,"column":46}},"loc":{"start":{"line":54,"column":70},"end":{"line":86,"column":5}}},"11":{"name":"(anonymous_11)","decl":{"start":{"line":55,"column":78},"end":{"line":55,"column":79}},"loc":{"start":{"line":55,"column":92},"end":{"line":57,"column":9}}},"12":{"name":"(anonymous_12)","decl":{"start":{"line":57,"column":15},"end":{"line":57,"column":16}},"loc":{"start":{"line":57,"column":33},"end":{"line":59,"column":9}}},"13":{"name":"(anonymous_13)","decl":{"start":{"line":61,"column":102},"end":{"line":61,"column":103}},"loc":{"start":{"line":61,"column":117},"end":{"line":63,"column":9}}},"14":{"name":"(anonymous_14)","decl":{"start":{"line":63,"column":18},"end":{"line":63,"column":19}},"loc":{"start":{"line":63,"column":32},"end":{"line":65,"column":9}}},"15":{"name":"(anonymous_15)","decl":{"start":{"line":65,"column":15},"end":{"line":65,"column":16}},"loc":{"start":{"line":65,"column":31},"end":{"line":67,"column":9}}},"16":{"name":"(anonymous_16)","decl":{"start":{"line":69,"column":56},"end":{"line":69,"column":57}},"loc":{"start":{"line":69,"column":70},"end":{"line":75,"column":9}}},"17":{"name":"(anonymous_17)","decl":{"start":{"line":72,"column":52},"end":{"line":72,"column":53}},"loc":{"start":{"line":72,"column":67},"end":{"line":74,"column":13}}},"18":{"name":"(anonymous_18)","decl":{"start":{"line":77,"column":54},"end":{"line":77,"column":55}},"loc":{"start":{"line":77,"column":68},"end":{"line":83,"column":9}}},"19":{"name":"(anonymous_19)","decl":{"start":{"line":80,"column":44},"end":{"line":80,"column":45}},"loc":{"start":{"line":80,"column":59},"end":{"line":82,"column":13}}},"20":{"name":"indicatorAfterSave","decl":{"start":{"line":87,"column":24},"end":{"line":87,"column":42}},"loc":{"start":{"line":87,"column":66},"end":{"line":119,"column":5}}},"21":{"name":"(anonymous_21)","decl":{"start":{"line":88,"column":76},"end":{"line":88,"column":77}},"loc":{"start":{"line":88,"column":90},"end":{"line":90,"column":9}}},"22":{"name":"(anonymous_22)","decl":{"start":{"line":90,"column":15},"end":{"line":90,"column":16}},"loc":{"start":{"line":90,"column":33},"end":{"line":92,"column":9}}},"23":{"name":"(anonymous_23)","decl":{"start":{"line":94,"column":98},"end":{"line":94,"column":99}},"loc":{"start":{"line":94,"column":113},"end":{"line":96,"column":9}}},"24":{"name":"(anonymous_24)","decl":{"start":{"line":96,"column":18},"end":{"line":96,"column":19}},"loc":{"start":{"line":96,"column":32},"end":{"line":98,"column":9}}},"25":{"name":"(anonymous_25)","decl":{"start":{"line":98,"column":15},"end":{"line":98,"column":16}},"loc":{"start":{"line":98,"column":31},"end":{"line":100,"column":9}}},"26":{"name":"(anonymous_26)","decl":{"start":{"line":102,"column":56},"end":{"line":102,"column":57}},"loc":{"start":{"line":102,"column":70},"end":{"line":108,"column":9}}},"27":{"name":"(anonymous_27)","decl":{"start":{"line":105,"column":52},"end":{"line":105,"column":53}},"loc":{"start":{"line":105,"column":67},"end":{"line":107,"column":13}}},"28":{"name":"(anonymous_28)","decl":{"start":{"line":110,"column":54},"end":{"line":110,"column":55}},"loc":{"start":{"line":110,"column":68},"end":{"line":116,"column":9}}},"29":{"name":"(anonymous_29)","decl":{"start":{"line":113,"column":44},"end":{"line":113,"column":45}},"loc":{"start":{"line":113,"column":59},"end":{"line":115,"column":13}}},"30":{"name":"hasAfterSave","decl":{"start":{"line":122,"column":9},"end":{"line":122,"column":21}},"loc":{"start":{"line":122,"column":29},"end":{"line":131,"column":1}}},"31":{"na
[...]
{"start":{"line":53,"column":8},"end":{"line":53,"column":87}},"31":{"start":{"line":56,"column":4},"end":{"line":56,"column":83}},"32":{"start":{"line":60,"column":4},"end":{"line":64,"column":5}},"33":{"start":{"line":61,"column":8},"end":{"line":63,"column":10}},"34":{"start":{"line":62,"column":12},"end":{"line":62,"column":24}},"35":{"start":{"line":68,"column":4},"end":{"line":68,"column":96}},"36":{"start":{"line":72,"column":4},"end":{"line":72,"column":98}},"37":{"start":{"line":76,"column":4},"end":{"line":76,"column":49}},"38":{"start":{"line":80,"column":4},"end":{"line":80,"column":73}},"39":{"start":{"line":84,"column":4},"end":{"line":84,"column":26}},"40":{"start":{"line":88,"column":4},"end":{"line":88,"column":36}},"41":{"start":{"line":92,"column":24},"end":{"line":92,"column":131}},"42":{"start":{"line":93,"column":4},"end":{"line":93,"column":34}},"43":{"start":{"line":97,"column":24},"end":{"line":97,"column":131}},"44":{"start":{"line":98,"column":4},"end":{"line":98,"column":35}},"45":{"start":{"line":102,"column":24},"end":{"line":102,"column":42}},"46":{"start":{"line":103,"column":21},"end":{"line":103,"column":36}},"47":{"start":{"line":104,"column":20},"end":{"line":104,"column":34}},"48":{"start":{"line":106,"column":4},"end":{"line":106,"column":55}},"49":{"start":{"line":110,"column":4},"end":{"line":121,"column":7}},"50":{"start":{"line":111,"column":8},"end":{"line":111,"column":210}},"51":{"start":{"line":112,"column":33},"end":{"line":114,"column":10}},"52":{"start":{"line":113,"column":12},"end":{"line":113,"column":71}},"53":{"start":{"line":116,"column":28},"end":{"line":116,"column":72}},"54":{"start":{"line":117,"column":25},"end":{"line":117,"column":59}},"55":{"start":{"line":118,"column":24},"end":{"line":118,"column":38}},"56":{"start":{"line":120,"column":8},"end":{"line":120,"column":139}},"57":{"start":{"line":125,"column":4},"end":{"line":146,"column":7}},"58":{"start":{"line":126,"column":20},"end":{"line":126,"column":79}},"59":{"start":{"line":127,"column":25},"end":{"line":129,"column":10}},"60":{"start":{"line":128,"column":12},"end":{"line":128,"column":35}},"61":{"start":{"line":131,"column":8},"end":{"line":131,"column":66}},"62":{"start":{"line":133,"column":8},"end":{"line":145,"column":11}},"63":{"start":{"line":134,"column":42},"end":{"line":136,"column":14}},"64":{"start":{"line":135,"column":16},"end":{"line":135,"column":76}},"65":{"start":{"line":138,"column":24},"end":{"line":138,"column":39}},"66":{"start":{"line":139,"column":23},"end":{"line":139,"column":37}},"67":{"start":{"line":140,"column":34},"end":{"line":140,"column":88}},"68":{"start":{"line":142,"column":12},"end":{"line":142,"column":147}},"69":{"start":{"line":144,"column":12},"end":{"line":144,"column":98}},"70":{"start":{"line":148,"column":4},"end":{"line":148,"column":24}}},"fnMap":{"0":{"name":"_interopRequireDefault","decl":{"start":{"line":29,"column":9},"end":{"line":29,"column":31}},"loc":{"start":{"line":29,"column":37},"end":{"line":29,"column":95}}},"1":{"name":"_objectWithoutProperties","decl":{"start":{"line":31,"column":9},"end":{"line":31,"column":33}},"loc":{"start":{"line":31,"column":45},"end":{"line":31,"column":220}}},"2":{"name":"getRulesForModelType","decl":{"start":{"line":37,"column":9},"end":{"line":37,"column":29}},"loc":{"start":{"line":37,"column":41},"end":{"line":43,"column":1}}},"3":{"name":"changeValue","decl":{"start":{"line":45,"column":9},"end":{"line":45,"column":20}},"loc":{"start":{"line":45,"column":70},"end":{"line":49,"column":1}}},"4":{"name":"setProp","decl":{"start":{"line":51,"column":9},"end":{"line":51,"column":16}},"loc":{"start":{"line":51,"column":59},"end":{"line":57,"column":1}}},"5":{"name":"hideField","decl":{"start":{"line":59,"column":9},"end":{"line":59,"column":18}},"loc":{"start":{"line":59,"column":61},"end":{"line":65,"column":1}}},"6":{"name":"(anonymous_6)","decl":{"start":{"line":61,"column":32},"end":{"line":61,"column":33}},"loc":{"start":{"line":61,"column":44},"end":{"line":63,"column":9}}},"7":{"name":"getOperation","decl":{"start":{"line":67,"column":9},"end":{"line":67,"column":21}},"loc":{"start":{"line":67,"column":37},"end":{"line":69,"column":1}}},"8":{"name":"getWhenOperator","decl":{"start":{"line":71,"column":9},"end":{"line":71,"column":24}},"loc":{"start":{"line":71,"column":39},"end":{"line":73,"column":1}}},"9":{"name":"hasValueOperator","decl":{"start":{"line":75,"column":9},"end":{"line":75,"column":25}},"loc":{"start":{"line":75,"column":33},"end":{"line":77,"column":1}}},"10":{"name":"hasStringValueOperator","decl":{"start":{"line":79,"column":9},"end":{"line":79,"column":31}},"loc":{"start":{"line":79,"column":39},"end":{"line":81,"column":1}}},"11":{"name":"equalsOperator","decl":{"start":{"line":83,"column":9},"end":{"line":83,"column":23}},"loc":{"start":{"line":83,"column":37},"end":{"line":85,"column":1}}},"12":{"name":"oneOfOperator","decl":{"start":{"line":87,"column":9},"end":{"line":87,"column":22}},"loc":{"start":{"line":87,"column":36},"end":{"line":89,"column":1}}},"13":{"name":"systemSettingIsTrueOperator","decl":{"start":{"line":91,"column":9},"end":{"line":91,"column":36}},"loc":{"start":{"line":91,"column":56},"end":{"line":94,"column":1}}},"14":{"name":"systemSettingIsFalseOperator","decl":{"start":{"line":96,"column":9},"end":{"line":96,"column":37}},"loc":{"start":{"line":96,"column":57},"end":{"line":99,"column":1}}},"15":{"name":"ruleRunner","decl":{"start":{"line":101,"column":9},"end":{"line":101,"column":19}},"loc":{"start":{"line":101,"column":46},"end":{"line":107,"column":1}}},"16":{"name":"rulesRunner","decl":{"start":{"line":109,"column":9},"end":{"line":109,"column":20}},"loc":{"start":{"line":109,"column":61},"end":{"line":122,"column":1}}},"17":{"name":"(anonymous_17)","decl":{"start":{"line":110,"column":21},"end":{"line":110,"column":22}},"loc":{"start":{"line":110,"column":41},"end":{"line":121,"column":5}}},"18":{"name":"(anonymous_18)","decl":{"start":{"line":112,"column":51},"end":{"line":112,"column":52}},"loc":{"start":{"line":112,"column":74},"end":{"line":114,"column":9}}},"19":{"name":"applyRulesToFieldConfigs","decl":{"start":{"line":124,"column":9},"end":{"line":124,"column":33}},"loc":{"start":{"line":124,"column":68},"end":{"line":149,"column":1}}},"20":{"name":"(anonymous_20)","decl":{"start":{"line":125,"column":18},"end":{"line":125,"column":19}},"loc":{"start":{"line":125,"column":34},"end":{"line":146,"column":5}}},"21":{"name":"(anonymous_21)","decl":{"start":{"line":127,"column":82},"end":{"line":127,"column":83}},"loc":{"start":{"line":127,"column":100},"end":{"line":129,"column":9}}},"22":{"name":"(anonymous_22)","decl":{"start":{"line":133,"column":54},"end":{"line":133,"column":55}},"loc":{"start":{"line":133,"column":75},"end":{"line":145,"column":9}}},"23":{"name":"(anonymous_23)","decl":{"start":{"line":134,"column":60},"end":{"line":134,"column":61}},"loc":{"start":{"line":134,"column":83},"end":{"line":136,"column":13}}}},"branchMap":{"0":{"loc":{"start":{"line":29,"column":46},"end":{"line":29,"column":92}},"type":"cond-expr","locations":[{"start":{"line":29,"column":70},"end":{"line":29,"column":73}},{"start":{"line":29,"column":76},"end":{"line":29,"column":92}}]},"1":{"loc":{"start":{"line":29,"column":46},"end":{"line":29,"column":67}},"type":"binary-expr","locations":[{"start":{"line":29,"column":46},"end":{"line":29,"column":49}},{"start":{"line":29,"column":53},"end":{"line":29,"column":67}}]},"2":{"loc":{"start":{"line":31,"column":85},"end":{"line":31,"column":120}},"type":"if","locations":[{"start":{"line":31,"column":85},"end":{"line":31,"column":120}},{"start":{"line":31,"column":85},"end":{"line":31,"column":120}}]},"3":{"loc":{"start":{"line":31,"column":121},"end":{"line":31,"column":181}},"type":"if","locations":[{"start":{"line":31,"column":121},"end":{"line":31,"column":181}},{"start":{"line":31,"column":121},"end":{"line":31,"column":181}}]},"4":{"loc":{"start":{"line":38,"column":4},"end":{"line":40,"column":5}},"type":"if","locations":[{"start":{"line":38,"column":4},"end":{"line":40,"column":5}},{"start":{"line":38,"column":4},"end":{"line":40,"column":5}}]},"5":{"loc":{"start":{"line":46,"column":4},"end":{"line":48,"column":5}},"type":"if","locations":[{"start":{"line":46,"column":4},"end":{"line":48,"column":5}},{"start":{"line":46,"column":4},"end":{"line":48,"column":5}}]},"6":{"loc":{"start":{"line":52,"column":4},"end":{"line":54,"column":5}},"type":"if","locations":[{"start":{"line":52,"column":4},"end":{"line":54,"column":5}},{"start":{"line":52,"column":4},"end":{"line":54,"column":5}}]},"7":{"loc":{"start":{"line":60,"column":4},"end":{"line":64,"column":5}},"type":"if","locations":[{"start":{"line":60,"column":4},"end":{"line":64,"column":5}},{"start":{"line":60,"column":4},"end":{"line":64,"column":5}}]},"8":{"loc":{"start":{"line":68,"column":11},"end":{"line":68,"column":95}},"type":"cond-expr","locations":[{"start":{"line":68,"column":46},"end":{"line":68,"column":78}},{"start":{"line":68,"column":81},"end":{"line":68,"column":95}}]},"9":{"loc":{"start":{"line":72,"column":11},"end":{"line":72,"column":97}},"type":"cond-expr","locations":[{"start":{"line":72,"column":47},"end":{"line":72,"column":80}},{"start":{"line":72,"column":83},"end":{"line":72,"column":97}}]},"10":{"loc":{"start":{"line":76,"column":11},"end":{"line":76,"column":48}},"type":"binary-expr","locations":[{"start":{"line":76,"column":11},"end":{"line":76,"column":30}},{"start":{"line":76,"column":34},"end":{"line":76,"column":48}}]},"11":{"loc":{"start":{"line":80,"column":11},"end":{"line":80,"column":72}},"type":"binary-expr","locations":[{"start":{"line":80,"column":11},"end":{"line":80,"column":34}},{"start":{"line":80,"column":38},"end":{"line":80,"column":72}}]},"12":{"loc":{"start":{"line":92,"column":24},"end":{"line":92,"column":131}},"type":"cond-expr","locations":[{"start":{"line":92,"column":67},"end":{"line":92,"column":119}},{"start":{"line":92,"column":122},"end":{"line":92,"column":131}}]},"13":{"loc":{"start":{"line":97,"column":24},"end":{"line":97,"column":131}},"type":"cond-expr","locations":[{"start":{"line":97,"column":67},"end":{"line":97,"column":119}},{"start":{"line":97,"column":122},"end":{"line":97,"column":131}}]},"14":{"loc":{"start":{"line":111,"column":86},"end":{"line":111,"column":114}},"type":"binary-expr","locations":[{"start":{"line":111,"column":86},"end":{"line":111,"column":100}},{"start":{"line":111,"column":104},"end":{"line":111,"column":114}}]},"15":{"loc":{"start":{"line":111,"column":173},"end":{"line":111,"column":193}},"type":"binary-expr","locations":[{"start":{"line":111,"column":173},"end":{"line":111,"column":187}},{"start":{"line":111,"column":191},"end":{"line":111,"column":193}}]},"16":{"loc":{"start":{"line":113,"column":41},"end":{"line":113,"column":69}},"type":"binary-expr","locations":[{"start":{"line":113,"column":41},"end":{"line":113,"column":55}},{"start":{"line":113,"column":59},"end":{"line":113,"column":69}}]},"17":{"loc":{"start":{"line":116,"column":28},"end":{"line":116,"column":72}},"type":"cond-expr","locations":[{"start":{"line":116,"column":45},"end":{"line":116,"column":59}},{"start":{"line":116,"column":62},"end":{"line":116,"column":72}}]},"18":{"loc":{"start":{"line":126,"column":20},"end":{"line":126,"column":79}},"type":"cond-expr","locations":[{"start":{"line":126,"column":56},"end":{"line":126,"column":65}},{"start":{"line":126,"column":68},"end":{"line":126,"column":79}}]},"19":{"loc":{"start":{"line":133,"column":9},"end":{"line":133,"column":44}},"type":"binary-expr","locations":[{"start":{"line":133,"column":9},"end":{"line":133,"column":24}},{"start":{"line":133,"column":28},"end":{"line":133,"column":44}}]},"20":{"loc":{"start":{"line":135,"column":45},"end":{"line":135,"column":74}},"type":"binary-expr","locations":[{"start":{"line":135,"column":45},"end":{"line":135,"column":60}},{"start":{"line":135,"column":64},"end":{"line":135,"column":74}}]},"21":{"loc":{"start":{"line":142,"column":58},"end":{"line":142,"column":77}},"type":"binary-expr","locations":[{"start":{"line":142,"column":58},"end":{"line":142,"column":63}},{"start":{"line":142,"column":67},"end":{"line":142,"column":77}}]}},"s":{"0":1,"1":1,"2":1,"3":1,"4":1,"5":1,"6":1,"7":1,"8":1,"9":1,"10":1,"11":1,"12":1,"13":5,"14":0,"15":0,"16":0,"17":0,"18":0,"19":0,"20":0,"21":0,"22":1,"23":1,"24":0,"25":0,"26":0,"27":0,"28":0,"29":0,"30":0,"31":0,"32":0,"33":0,"34":0,"35":0,"36":0,"37":0,"38":0,"39":0,"40":0,"41":0,"42":0,"43":0,"44":0,"45":0,"46":0,"47":0,"48":0,"49":0,"50":0,"51":0,"52":0,"53":0,"54":0,"55":0,"56":0,"57":0,"58":0,"59":0,"60":0,"61":0,"62":0,"63":0,"64":0,"65":0,"66":0,"67":0,"68":0,"69":0,"70":0},"f":{"0":5,"1":0,"2":0,"3":0,"4":0,"5":0,"6":0,"7":0,"8":0,"9":0,"10":0,"11":0,"12":0,"13":0,"14":0,"15":0,"16":0,"17":0,"18":0,"19":0,"20":0,"21":0,"22":0,"23":0},"b":{"0":[4,1],"1":[5,5],"2":[0,0],"3":[0,0],"4":[0,0],"5":[0,0],"6":[0,0],"7":[0,0],"8":[0,0],"9":[0,0],"10":[0,0],"11":[0,0],"12":[0,0],"13":[0,0],"14":[0,0],"15":[0,0],"16":[0,0],"17":[0,0],"18":[0,0],"19":[0,0],"20":[0,0],"21":[0,0]},"_coverageSchema":"332fd63041d2c1bcb487cc26dd0d5f7d97098a6c","hash":"d8e955a8f46883df59c367390f451681f9eb79cd","contentHash":"72e45f017efdac23e8e86af1b585921b_10.1.2"},"/Users/markpo/Projects/dhis/core-apps/maintenance-app/src/config/field-rules.js":{"path":"/Users/markpo/Projects/dhis/core-apps/maintenance-app/src/config/field-rules.js","statementMap":{"0":{"start":{"line":3,"column":0},"end":{"line":5,"column":3}},"1":{"start":{"line":32,"column":0},"end":{"line":189,"column":6}},"2":{"start":{"line":66,"column":12},"end":{"line":74,"column":13}},"3":{"start":{"line":68,"column":16},"end":{"line":68,"column":62}},"4":{"start":{"line":71,"column":16},"end":{"line":73,"column":17}},"5":{"start":{"line":72,"column":20},"end":{"line":72,"column":72}},"6":{"start":{"line":94,"column":12},"end":{"line":94,"column":65}},"7":{"start":{"line":111,"column":12},"end":{"line":111,"column":51}},"8":{"start":{"line":112,"column":12},"end":{"line":112,"column":84}},"9":{"start":{"line":131,"column":12},"end":{"line":131,"column":68}},"10":{"start":{"line":148,"column":12},"end":{"line":148,"column":88}}},"fnMap":{"0":{"name":"setValue","decl":{"start":{"line":63,"column":27},"end":{"line":63,"column":35}},"loc":{"start":{"line":63,"column":56},"end":{"line":75,"column":9}}},"1":{"name":"setValue","decl":{"start":{"line":93,"column":27},"end":{"line":93,"column":35}},"loc":{"start":{"line":93,"column":56},"end":{"line":95,"column":9}}},"2":{"name":"setValue","decl":{"start":{"line":110,"column":27},"end":{"line":110,"column":35}},"loc":{"start":{"line":110,"column":56},"end":{"line":113,"column":9}}},"3":{"name":"setValue","decl":{"start":{"line":130,"column":27},"end":{"line":130,"column":35}},"loc":{"start":{"line":130,"column":56},"end":{"line":132,"column":9}}},"4":{"name":"setValue","decl":{"start":{"line":147,"column":27},"end":{"line":147,"column":35}},"loc":{"start":{"line":147,"column":56},"end":{"line":149,"column":9}}}},"branchMap":{"0":{"loc":{"start":{"line":66,"column":12},"end":{"line":74,"column":13}},"type":"if","locations":[{"start":{"line":66,"column":12},"end":{"line":74,"column":13}},{"start":{"line":66,"column":12},"end":{"line":74,"column":13}}]},"1":{"loc":{"start":{"line":66,"column":16},"end":{"line":66,"column":60}},"type":"binary-expr","locations":[{"start":{"line":66,"column":16},"end":{"line":66,"column":31}},{"start":{"line":66,"column":35},"end":{"line":66,"column":60}}]},"2":{"loc":{"start":{"line":71,"column":16},"end":{"line":73,"column":17}},"type":"if","locations":[{"start":{"line":71,"column":16},"end":{"line":73,"column":17}},{"start":{"line":71,"column":16},"end":{"line":73,"column":17}}]}},"s":{"0":1,"1":1,"2":0,"3":0,"4":0,"5":0,"6":0,"7":0,"8":0,"9":0,"10":0},"f":{"0":0,"1":0,"2":0,"3":0,"4":0},"b":{"0":[0,0],"1":[0,0],"2":[0,0]},"_coverageSchema":"332fd63041d2c1bcb487cc26dd0d5f7d97098a6c","hash":"fd4bc74269460ab3be4dca92a02e434d8eaa0b01","contentHash":"03ed45b2fb168935e9893722cb8f1ed3_10.1.2"},"/Users/markpo/Projects/dhis/core-apps/maintenance-app/src/router-utils.js":{"path":"/Users/markpo/Projects/dhis/core-apps/maintenance-app/src/router-utils.js","statementMap":{"0":{"start":{"line":3,"column":0},"end":{"line":5,"column":3}},"1":{"start":{"line":6,"column":0},"end":{"line":6,"column":30}},"2":{"start":{"line":7,"column":0},"end":{"line":7,"column":24}},"3":{"start":{"line":9,"column":19},"end":{"line":9,"column":42}},"4":{"start":{"line":12,"column":4},"end":{"line":12,"column":39}},"5":{"start":{"line":16,"column":4},"end":{"line":16,"column":38}}},"fnMap":{"0":{"name":"goToRoute","decl":{"start":{"line":11,"column":9},"end":{"line":11,"column":18}},"loc":{"start":{"line":11,"column":24},"end":{"line":13,"column":1}}},"1":{"name":"goBack","decl":{"start":{"line":15,"column":9},"end":{"line":15,"column":15}},"loc":{"start":{"line":15,"column":18},"end":{"line":17,"column":1}}}},"branchMap":{},"s":{"0":1,"1":1,"2":1,"3":1,"4":0,"5":0},"f":{"0":0,"1":0},"b":{},"_coverageSchema":"332fd63041d2c1bcb487cc26dd0d5f7d97098a6c","hash":"b06d9b65ef4f9ac313ca278fee84f52eb7716e1f","contentHash":"5b3007d0d6c8af872b60b1aec2d08efc_10.1.2"},"/Users/markpo/Projects/dhis/core-apps/maintenance-app/src/EditModel/event-program/assign-organisation-units/AssignOrganisationUnits.js":{"path":"/Users/markpo/Projects/dhis/core-apps/maintenance-app/src/EditModel/event-program/assign-organisation-units/AssignOrganisationUnits.js","statementMap":{"0":{"start":{"line":3,"column":0},"end":{"line":5,"column":3}},"1":{"start":{"line":6,"column":0},"end":{"line":6,"column":42}},"2":{"start":{"line":8,"column":30},"end":{"line":8,"column":93}},"3":{"start":{"line":10,"column":31},"end":{"line":10,"column":78}},"4":{"start":{"line":12,"column":39},"end":{"line":12,"column":93}},"5":{"start":{"line":15,"column":16},"end":{"line":15,"column":26}},"6":{"start":{"line":17,"column":4},"end":{"line":21,"column":7}}},"fnMap":{"0":{"name":"_interopRequireDefault","decl":{"start":{"line":12,"column":9},"end":{"line":12,"column":31}},"loc":{"start":{"line":12,"column":37},"end":{"line":12,"column":95}}},"1":{"name":"AssignOrganisationUnits","decl":{"start":{"line":14,"column":9},"end":{"line":14,"column":32}},"loc":{"start":{"line":14,"column":39},"end":{"line":22,"column":1}}}},"branchMap":{"0":{"loc":{"start":{"line":12,"column":46},"end":{"line":12,"column":92}},"type":"cond-expr","locations":[{"start":{"line":12,"column":70},"end":{"line":12,"column":73}},{"start":{"line":12,"column":76},"end":{"line":12,"column":92}}]},"1":{"loc":{"start":{"line":12,"column":46},"end":{"line":12,"column":67}},"type":"binary-expr","locations":[{"start":{"line":12,"column":46},"end":{"line":12,"column":49}},{"start":{"line":12,"column":53},"end":{"line":12,"column":67}}]}},"s":{"0":1,"1":1,"2":1,"3":1,"4":1,"5":0,"6":0},"f":{"0":1,"1":0},"b":{"0":[1,0],"1":[1,1]},"_coverageSchema":"332fd63041d2c1bcb487cc26dd0d5f7d97098a6c","hash":"5358284db2fefc607394862d5ea17e8bc6dbb38e","contentHash":"573ffe4c09d78bc5d328144a996039e3_10.1.2"},"/Users/markpo/Projects/dhis/core-apps/maintenance-app/src/EditModel/event-program/selectors.js":{"path":"/Users/markpo/Projects/dhis/core-apps/maintenance-app/src/EditModel/event-program/selectors.js","statementMap":{"0":{"start":{"line":3,"column":0},"end":{"line":5,"column":3}},"1":{"start":{"line":6,"column":0},"end":{"line":6,"column":63}},"2":{"start":{"line":8,"column":10},"end":{"line":8,"column":30}},"3":{"start":{"line":10,"column":25},"end":{"line":10,"column":85}},"4":{"start":{"line":12,"column":20},"end":{"line":12,"column":65}}},"fnMap":{},"branchMap":{},"s":{"0":1,"1":1,"2":1,"3":1,"4":1},"f":{},"b":{},"_coverageSchema":"332fd63041d2c1bcb487cc26dd0d5f7d97098a6c","hash":"95a45b3a763f24ea5bc4509df74c04f087da580f","contentHash":"a5d24f6fdb45de56b7817ae7e2cdc335_10.1.2"}}